#
# A fatal error has been detected by the Java Runtime Environment:
#
#  EXCEPTION_ACCESS_VIOLATION (0xc0000005) at pc=0x00007ff8269d36b0, pid=7004, tid=0x0000000000001034
#
# JRE version: Java(TM) SE Runtime Environment (8.0_181-b13) (build 1.8.0_181-b13)
# Java VM: Java HotSpot(TM) 64-Bit Server VM (25.181-b13 mixed mode windows-amd64 compressed oops)
# Problematic frame:
# C  [swscale-5.dll+0x36b0]
#
# Failed to write core dump. Minidumps are not enabled by default on client versions of Windows
#
# If you would like to submit a bug report, please visit:
#   http://bugreport.java.com/bugreport/crash.jsp
# The crash happened outside the Java Virtual Machine in native code.
# See problematic frame for where to report the bug.
#

---------------  T H R E A D  ---------------

Current thread (0x000000001c26d800):  JavaThread "Thread-0" [_thread_in_native, id=4148, stack(0x000000001de80000,0x000000001df80000)]

siginfo: ExceptionCode=0xc0000005, reading address 0x000000002e057004

Registers:
RAX=0x0000000000003747, RBX=0x0000000000001822, RCX=0x00000000254a4d80, RDX=0x00000000254a5890
RSP=0x000000001df7edb0, RBP=0x00000000fff6e400, RSI=0x0000000000383800, RDI=0x0000000000383800
R8 =0x00000000f02c4200, R9 =0x000000002e055e90, R10=0x000000000000045c, R11=0x00000000fcf09800
R12=0x00000000ffffdac8, R13=0x00000000ffffd0e3, R14=0x0000000000000556, R15=0x0000000012e2d000
RIP=0x00007ff8269d36b0, EFLAGS=0x0000000000010216

Top of Stack: (sp=0x000000001df7edb0)
0x000000001df7edb0:   000000001f37d8b8 ffecff001c26d800
0x000000001df7edc0:   000000001bd1cc30 0000000000000af0
0x000000001df7edd0:   fffffffffffff518 00000000000002ab
0x000000001df7ede0:   0000000000000000 0000000000000b18
0x000000001df7edf0:   0000000025478b00 00000000254820e0
0x000000001df7ee00:   000000002546f650 00007ff8269d2912
0x000000001df7ee10:   000000001c26d800 0000058000000003
0x000000001df7ee20:   0000000000000000 0000000000000000
0x000000001df7ee30:   000000002e055e90 00007ff8000002ab
0x000000001df7ee40:   00000000254820e0 00007ff826a1ca50
0x000000001df7ee50:   000000001df7ee60 00000000254820e0
0x000000001df7ee60:   000000002e055e90 000000002e055e90
0x000000001df7ee70:   000000002e055e90 000000002e055e90
0x000000001df7ee80:   000000002a962080 0000000025478b00
0x000000001df7ee90:   000000000000015d 0000000000000006
0x000000001df7eea0:   000000002546f6a0 000000002546f650 

Instructions: (pc=0x00007ff8269d36b0)
0x00007ff8269d3690:   08 c1 e6 08 45 85 c0 0f 8e a6 00 00 00 41 8d 40
0x00007ff8269d36a0:   ff 45 31 d2 4c 8d 74 00 02 0f 1f 80 00 00 00 00
0x00007ff8269d36b0:   47 8b 5c 91 04 43 8b 04 91 44 8b 7c 24 0c 89 c3
0x00007ff8269d36c0:   45 89 d8 44 01 d8 81 e3 00 ff 00 ff 41 81 e0 00 


Register to memory mapping:

RAX=0x0000000000003747 is an unknown value
RBX=0x0000000000001822 is an unknown value
RCX=0x00000000254a4d80 is an unknown value
RDX=0x00000000254a5890 is an unknown value
RSP=0x000000001df7edb0 is pointing into the stack for thread: 0x000000001c26d800
RBP=0x00000000fff6e400 is an unallocated location in the heap
RSI=0x0000000000383800 is an unknown value
RDI=0x0000000000383800 is an unknown value
R8 =0x00000000f02c4200 is an unallocated location in the heap
R9 =0x000000002e055e90 is an unknown value
R10=0x000000000000045c is an unknown value
R11=0x00000000fcf09800 is an unallocated location in the heap
R12=0x00000000ffffdac8 is an unallocated location in the heap
R13=0x00000000ffffd0e3 is an unallocated location in the heap
R14=0x0000000000000556 is an unknown value
R15=0x0000000012e2d000 is an unknown value


Stack: [0x000000001de80000,0x000000001df80000],  sp=0x000000001df7edb0,  free space=1019k
Native frames: (J=compiled Java code, j=interpreted, Vv=VM code, C=native code)
C  [swscale-5.dll+0x36b0]
C  [swscale-5.dll+0x2912]
C  [swscale-5.dll+0x377e3]
C  [swscale-5.dll+0x38d7b]
C  0x0000000003828c67

Java frames: (J=compiled Java code, j=interpreted, Vv=VM code)
j  org.bytedeco.javacpp.swscale.sws_scale(Lorg/bytedeco/javacpp/swscale$SwsContext;Lorg/bytedeco/javacpp/PointerPointer;Lorg/bytedeco/javacpp/IntPointer;IILorg/bytedeco/javacpp/PointerPointer;Lorg/bytedeco/javacpp/IntPointer;)I+0
j  org.bytedeco.javacv.FFmpegFrameRecorder.recordImage(IIIIII[Ljava/nio/Buffer;)Z+607
j  org.bytedeco.javacv.FFmpegFrameRecorder.record(Lorg/bytedeco/javacv/Frame;I)V+70
j  org.bytedeco.javacv.FFmpegFrameRecorder.record(Lorg/bytedeco/javacv/Frame;)V+3
J 1039% C2 test.CodingAndSend.run()V (212 bytes) @ 0x0000000003cf4880 [0x0000000003cf4600+0x280]
j  java.lang.Thread.run()V+11
v  ~StubRoutines::call_stub

---------------  P R O C E S S  ---------------

Java Threads: ( => current thread )
  0x000000001bdbb800 JavaThread "AWT-Shutdown" [_thread_blocked, id=7220, stack(0x000000002abf0000,0x000000002acf0000)]
  0x000000001cbe7000 JavaThread "AWT-Windows" daemon [_thread_in_native, id=11288, stack(0x000000001e580000,0x000000001e680000)]
  0x000000001c7fb800 JavaThread "Java2D Disposer" daemon [_thread_blocked, id=876, stack(0x000000001e330000,0x000000001e430000)]
=>0x000000001c26d800 JavaThread "Thread-0" [_thread_in_native, id=4148, stack(0x000000001de80000,0x000000001df80000)]
  0x000000001bf75800 JavaThread "JavaCPP Deallocator" daemon [_thread_blocked, id=2696, stack(0x000000001dd80000,0x000000001de80000)]
  0x000000001b074800 JavaThread "Service Thread" daemon [_thread_blocked, id=17096, stack(0x000000001baa0000,0x000000001bba0000)]
  0x000000001afc9800 JavaThread "C1 CompilerThread3" daemon [_thread_blocked, id=15152, stack(0x000000001b9a0000,0x000000001baa0000)]
  0x000000001afc8800 JavaThread "C2 CompilerThread2" daemon [_thread_blocked, id=6048, stack(0x000000001b8a0000,0x000000001b9a0000)]
  0x000000001afbf800 JavaThread "C2 CompilerThread1" daemon [_thread_blocked, id=5740, stack(0x000000001b7a0000,0x000000001b8a0000)]
  0x000000001afc3800 JavaThread "C2 CompilerThread0" daemon [_thread_blocked, id=8312, stack(0x000000001b6a0000,0x000000001b7a0000)]
  0x000000001afb4800 JavaThread "Monitor Ctrl-Break" daemon [_thread_in_native, id=17052, stack(0x000000001b5a0000,0x000000001b6a0000)]
  0x000000001a685800 JavaThread "Attach Listener" daemon [_thread_blocked, id=10636, stack(0x000000001aca0000,0x000000001ada0000)]
  0x000000001a6d9000 JavaThread "Signal Dispatcher" daemon [_thread_blocked, id=12540, stack(0x000000001aba0000,0x000000001aca0000)]
  0x000000001a660800 JavaThread "Finalizer" daemon [_thread_blocked, id=5308, stack(0x000000001aa40000,0x000000001ab40000)]
  0x0000000018753800 JavaThread "Reference Handler" daemon [_thread_blocked, id=6632, stack(0x000000001a540000,0x000000001a640000)]
  0x0000000003619800 JavaThread "main" [_thread_in_native, id=15668, stack(0x0000000003510000,0x0000000003610000)]

Other Threads:
  0x000000001874a800 VMThread [stack: 0x000000001a440000,0x000000001a540000] [id=16644]
  0x000000001afe8800 WatcherThread [stack: 0x000000001bba0000,0x000000001bca0000] [id=9200]

VM state:not at safepoint (normal execution)

VM Mutex/Monitor currently owned by a thread: None

Heap:
 PSYoungGen      total 32256K, used 8827K [0x00000000d6180000, 0x00000000d8580000, 0x0000000100000000)
  eden space 28672K, 30% used [0x00000000d6180000,0x00000000d69f6e70,0x00000000d7d80000)
  from space 3584K, 4% used [0x00000000d8200000,0x00000000d8228000,0x00000000d8580000)
  to   space 4096K, 0% used [0x00000000d7d80000,0x00000000d7d80000,0x00000000d8180000)
 ParOldGen       total 86016K, used 15150K [0x0000000082400000, 0x0000000087800000, 0x00000000d6180000)
  object space 86016K, 17% used [0x0000000082400000,0x00000000832cbbf8,0x0000000087800000)
 Metaspace       used 11514K, capacity 11690K, committed 11904K, reserved 1060864K
  class space    used 1235K, capacity 1315K, committed 1408K, reserved 1048576K

Card table byte_map: [0x0000000012bd0000,0x0000000012fc0000] byte_map_base: 0x00000000127be000

Marking Bits: (ParMarkBitMap*) 0x0000000064b72d00
 Begin Bits: [0x0000000013a60000, 0x00000000159d0000)
 End Bits:   [0x00000000159d0000, 0x0000000017940000)

Polling page: 0x0000000001260000

CodeCache: size=245760Kb used=4996Kb max_used=5006Kb free=240763Kb
 bounds [0x0000000003810000, 0x0000000003d00000, 0x0000000012810000]
 total_blobs=1560 nmethods=1041 adapters=432
 compilation: enabled

Compilation events (10 events):
Event: 3.912 Thread 0x000000001afc9800 1030       3       java.util.zip.ZipUtils::extendedDosToJavaTime (12 bytes)
Event: 3.913 Thread 0x000000001afc9800 nmethod 1030 0x0000000003cea350 code [0x0000000003cea4c0, 0x0000000003cea648]
Event: 4.006 Thread 0x000000001afc9800 1037 % !   3       test.CodingAndSend::run @ 58 (212 bytes)
Event: 4.008 Thread 0x000000001afc9800 nmethod 1037% 0x0000000003cea6d0 code [0x0000000003ceaa20, 0x0000000003cec758]
Event: 4.008 Thread 0x000000001afc9800 1038   !   3       test.CodingAndSend::run (212 bytes)
Event: 4.009 Thread 0x000000001afc9800 nmethod 1038 0x0000000003ced950 code [0x0000000003cedca0, 0x0000000003cef898]
Event: 4.012 Thread 0x000000001afc8800 1039 % !   4       test.CodingAndSend::run @ 58 (212 bytes)
Event: 4.019 Thread 0x000000001afc3800 1041       4       org.bytedeco.javacv.Java2DFrameConverter::flipCopyWithGamma (318 bytes)
Event: 4.023 Thread 0x000000001afc8800 nmethod 1039% 0x0000000003cf4410 code [0x0000000003cf4600, 0x0000000003cf5110]
Event: 4.026 Thread 0x000000001afc3800 nmethod 1041 0x0000000003cf2010 code [0x0000000003cf21a0, 0x0000000003cf29f8]

GC Heap History (10 events):
Event: 3.384 GC heap before
{Heap before GC invocations=8 (full 0):
 PSYoungGen      total 32256K, used 32192K [0x00000000d6180000, 0x00000000d8700000, 0x0000000100000000)
  eden space 31232K, 100% used [0x00000000d6180000,0x00000000d8000000,0x00000000d8000000)
  from space 1024K, 93% used [0x00000000d8080000,0x00000000d8170000,0x00000000d8180000)
  to   space 3584K, 0% used [0x00000000d8380000,0x00000000d8380000,0x00000000d8700000)
 ParOldGen       total 86016K, used 14306K [0x0000000082400000, 0x0000000087800000, 0x00000000d6180000)
  object space 86016K, 16% used [0x0000000082400000,0x00000000831f8be8,0x0000000087800000)
 Metaspace       used 11377K, capacity 11562K, committed 11904K, reserved 1060864K
  class space    used 1225K, capacity 1315K, committed 1408K, reserved 1048576K
Event: 3.385 GC heap after
Heap after GC invocations=8 (full 0):
 PSYoungGen      total 34304K, used 736K [0x00000000d6180000, 0x00000000d8780000, 0x0000000100000000)
  eden space 30720K, 0% used [0x00000000d6180000,0x00000000d6180000,0x00000000d7f80000)
  from space 3584K, 20% used [0x00000000d8380000,0x00000000d8438000,0x00000000d8700000)
  to   space 4096K, 0% used [0x00000000d7f80000,0x00000000d7f80000,0x00000000d8380000)
 ParOldGen       total 86016K, used 14390K [0x0000000082400000, 0x0000000087800000, 0x00000000d6180000)
  object space 86016K, 16% used [0x0000000082400000,0x000000008320dbf8,0x0000000087800000)
 Metaspace       used 11377K, capacity 11562K, committed 11904K, reserved 1060864K
  class space    used 1225K, capacity 1315K, committed 1408K, reserved 1048576K
}
Event: 3.581 GC heap before
{Heap before GC invocations=9 (full 0):
 PSYoungGen      total 34304K, used 31456K [0x00000000d6180000, 0x00000000d8780000, 0x0000000100000000)
  eden space 30720K, 100% used [0x00000000d6180000,0x00000000d7f80000,0x00000000d7f80000)
  from space 3584K, 20% used [0x00000000d8380000,0x00000000d8438000,0x00000000d8700000)
  to   space 4096K, 0% used [0x00000000d7f80000,0x00000000d7f80000,0x00000000d8380000)
 ParOldGen       total 86016K, used 14390K [0x0000000082400000, 0x0000000087800000, 0x00000000d6180000)
  object space 86016K, 16% used [0x0000000082400000,0x000000008320dbf8,0x0000000087800000)
 Metaspace       used 11399K, capacity 11562K, committed 11904K, reserved 1060864K
  class space    used 1225K, capacity 1315K, committed 1408K, reserved 1048576K
Event: 3.582 GC heap after
Heap after GC invocations=9 (full 0):
 PSYoungGen      total 30720K, used 224K [0x00000000d6180000, 0x00000000d8700000, 0x0000000100000000)
  eden space 30208K, 0% used [0x00000000d6180000,0x00000000d6180000,0x00000000d7f00000)
  from space 512K, 43% used [0x00000000d7f80000,0x00000000d7fb8000,0x00000000d8000000)
  to   space 4096K, 0% used [0x00000000d8300000,0x00000000d8300000,0x00000000d8700000)
 ParOldGen       total 86016K, used 14966K [0x0000000082400000, 0x0000000087800000, 0x00000000d6180000)
  object space 86016K, 17% used [0x0000000082400000,0x000000008329dbf8,0x0000000087800000)
 Metaspace       used 11399K, capacity 11562K, committed 11904K, reserved 1060864K
  class space    used 1225K, capacity 1315K, committed 1408K, reserved 1048576K
}
Event: 3.802 GC heap before
{Heap before GC invocations=10 (full 0):
 PSYoungGen      total 30720K, used 30432K [0x00000000d6180000, 0x00000000d8700000, 0x0000000100000000)
  eden space 30208K, 100% used [0x00000000d6180000,0x00000000d7f00000,0x00000000d7f00000)
  from space 512K, 43% used [0x00000000d7f80000,0x00000000d7fb8000,0x00000000d8000000)
  to   space 4096K, 0% used [0x00000000d8300000,0x00000000d8300000,0x00000000d8700000)
 ParOldGen       total 86016K, used 14966K [0x0000000082400000, 0x0000000087800000, 0x00000000d6180000)
  object space 86016K, 17% used [0x0000000082400000,0x000000008329dbf8,0x0000000087800000)
 Metaspace       used 11480K, capacity 11690K, committed 11904K, reserved 1060864K
  class space    used 1232K, capacity 1315K, committed 1408K, reserved 1048576K
Event: 3.803 GC heap after
Heap after GC invocations=10 (full 0):
 PSYoungGen      total 33280K, used 288K [0x00000000d6180000, 0x00000000d8680000, 0x0000000100000000)
  eden space 29696K, 0% used [0x00000000d6180000,0x00000000d6180000,0x00000000d7e80000)
  from space 3584K, 8% used [0x00000000d8300000,0x00000000d8348000,0x00000000d8680000)
  to   space 4096K, 0% used [0x00000000d7e80000,0x00000000d7e80000,0x00000000d8280000)
 ParOldGen       total 86016K, used 15062K [0x0000000082400000, 0x0000000087800000, 0x00000000d6180000)
  object space 86016K, 17% used [0x0000000082400000,0x00000000832b5bf8,0x0000000087800000)
 Metaspace       used 11480K, capacity 11690K, committed 11904K, reserved 1060864K
  class space    used 1232K, capacity 1315K, committed 1408K, reserved 1048576K
}
Event: 4.084 GC heap before
{Heap before GC invocations=11 (full 0):
 PSYoungGen      total 33280K, used 28202K [0x00000000d6180000, 0x00000000d8680000, 0x0000000100000000)
  eden space 29696K, 94% used [0x00000000d6180000,0x00000000d7cc29e0,0x00000000d7e80000)
  from space 3584K, 8% used [0x00000000d8300000,0x00000000d8348000,0x00000000d8680000)
  to   space 4096K, 0% used [0x00000000d7e80000,0x00000000d7e80000,0x00000000d8280000)
 ParOldGen       total 86016K, used 15062K [0x0000000082400000, 0x0000000087800000, 0x00000000d6180000)
  object space 86016K, 17% used [0x0000000082400000,0x00000000832b5bf8,0x0000000087800000)
 Metaspace       used 11514K, capacity 11690K, committed 11904K, reserved 1060864K
  class space    used 1235K, capacity 1315K, committed 1408K, reserved 1048576K
Event: 4.085 GC heap after
Heap after GC invocations=11 (full 0):
 PSYoungGen      total 29696K, used 224K [0x00000000d6180000, 0x00000000d8600000, 0x0000000100000000)
  eden space 29184K, 0% used [0x00000000d6180000,0x00000000d6180000,0x00000000d7e00000)
  from space 512K, 43% used [0x00000000d7e80000,0x00000000d7eb8000,0x00000000d7f00000)
  to   space 4096K, 0% used [0x00000000d8200000,0x00000000d8200000,0x00000000d8600000)
 ParOldGen       total 86016K, used 15110K [0x0000000082400000, 0x0000000087800000, 0x00000000d6180000)
  object space 86016K, 17% used [0x0000000082400000,0x00000000832c1bf8,0x0000000087800000)
 Metaspace       used 11514K, capacity 11690K, committed 11904K, reserved 1060864K
  class space    used 1235K, capacity 1315K, committed 1408K, reserved 1048576K
}
Event: 4.305 GC heap before
{Heap before GC invocations=12 (full 0):
 PSYoungGen      total 29696K, used 25544K [0x00000000d6180000, 0x00000000d8600000, 0x0000000100000000)
  eden space 29184K, 86% used [0x00000000d6180000,0x00000000d7a3a0b0,0x00000000d7e00000)
  from space 512K, 43% used [0x00000000d7e80000,0x00000000d7eb8000,0x00000000d7f00000)
  to   space 4096K, 0% used [0x00000000d8200000,0x00000000d8200000,0x00000000d8600000)
 ParOldGen       total 86016K, used 15110K [0x0000000082400000, 0x0000000087800000, 0x00000000d6180000)
  object space 86016K, 17% used [0x0000000082400000,0x00000000832c1bf8,0x0000000087800000)
 Metaspace       used 11514K, capacity 11690K, committed 11904K, reserved 1060864K
  class space    used 1235K, capacity 1315K, committed 1408K, reserved 1048576K
Event: 4.306 GC heap after
Heap after GC invocations=12 (full 0):
 PSYoungGen      total 32256K, used 160K [0x00000000d6180000, 0x00000000d8580000, 0x0000000100000000)
  eden space 28672K, 0% used [0x00000000d6180000,0x00000000d6180000,0x00000000d7d80000)
  from space 3584K, 4% used [0x00000000d8200000,0x00000000d8228000,0x00000000d8580000)
  to   space 4096K, 0% used [0x00000000d7d80000,0x00000000d7d80000,0x00000000d8180000)
 ParOldGen       total 86016K, used 15150K [0x0000000082400000, 0x0000000087800000, 0x00000000d6180000)
  object space 86016K, 17% used [0x0000000082400000,0x00000000832cbbf8,0x0000000087800000)
 Metaspace       used 11514K, capacity 11690K, committed 11904K, reserved 1060864K
  class space    used 1235K, capacity 1315K, committed 1408K, reserved 1048576K
}

Deoptimization events (10 events):
Event: 2.634 Thread 0x0000000003619800 Uncommon trap: reason=unstable_if action=reinterpret pc=0x00000000039d66f8 method=sun.misc.MetaIndex.mayContain(Ljava/lang/String;)Z @ 38
Event: 2.667 Thread 0x0000000003619800 Uncommon trap: reason=unstable_if action=reinterpret pc=0x0000000003a3a764 method=java.io.WinNTFileSystem.prefixLength(Ljava/lang/String;)I @ 42
Event: 3.528 Thread 0x000000001c26d800 Uncommon trap: reason=unstable_if action=reinterpret pc=0x0000000003c3eed0 method=java.lang.StringCoding.encode(Ljava/lang/String;[CII)[B @ 38
Event: 3.528 Thread 0x000000001c26d800 Uncommon trap: reason=class_check action=maybe_recompile pc=0x0000000003c2c948 method=java.lang.StringCoding$StringEncoder.encode([CII)[B @ 30
Event: 3.528 Thread 0x000000001c26d800 Uncommon trap: reason=class_check action=maybe_recompile pc=0x0000000003c2c948 method=java.lang.StringCoding$StringEncoder.encode([CII)[B @ 30
Event: 3.539 Thread 0x000000001c26d800 Uncommon trap: reason=unstable_if action=reinterpret pc=0x0000000003c3966c method=java.lang.StringCoding.encode(Ljava/lang/String;[CII)[B @ 38
Event: 3.563 Thread 0x000000001c26d800 Uncommon trap: reason=class_check action=maybe_recompile pc=0x0000000003c2c948 method=java.lang.StringCoding$StringEncoder.encode([CII)[B @ 30
Event: 3.563 Thread 0x000000001c26d800 Uncommon trap: reason=class_check action=maybe_recompile pc=0x0000000003c2c948 method=java.lang.StringCoding$StringEncoder.encode([CII)[B @ 30
Event: 3.997 Thread 0x000000001c26d800 Uncommon trap: reason=unstable_if action=reinterpret pc=0x0000000003cabb70 method=java.util.AbstractCollection.isEmpty()Z @ 4
Event: 4.021 Thread 0x0000000003619800 Uncommon trap: reason=unstable_if action=reinterpret pc=0x0000000003bea0b4 method=org.bytedeco.javacv.Java2DFrameConverter.flipCopyWithGamma(Ljava/nio/IntBuffer;ILjava/nio/IntBuffer;IDZI)V @ 50

Classes redefined (0 events):
No events

Internal exceptions (10 events):
Event: 0.592 Thread 0x0000000003619800 Exception <a 'java/security/PrivilegedActionException'> (0x00000000d6673248) thrown at [C:\re\workspace\8-2-build-windows-amd64-cygwin\jdk8u181\11358\hotspot\src\share\vm\prims\jvm.cpp, line 1435]
Event: 0.592 Thread 0x0000000003619800 Exception <a 'java/security/PrivilegedActionException'> (0x00000000d6673458) thrown at [C:\re\workspace\8-2-build-windows-amd64-cygwin\jdk8u181\11358\hotspot\src\share\vm\prims\jvm.cpp, line 1435]
Event: 0.682 Thread 0x0000000003619800 Exception <a 'java/security/PrivilegedActionException'> (0x00000000d6988340) thrown at [C:\re\workspace\8-2-build-windows-amd64-cygwin\jdk8u181\11358\hotspot\src\share\vm\prims\jvm.cpp, line 1435]
Event: 0.682 Thread 0x0000000003619800 Exception <a 'java/security/PrivilegedActionException'> (0x00000000d6988550) thrown at [C:\re\workspace\8-2-build-windows-amd64-cygwin\jdk8u181\11358\hotspot\src\share\vm\prims\jvm.cpp, line 1435]
Event: 0.684 Thread 0x0000000003619800 Exception <a 'java/security/PrivilegedActionException'> (0x00000000d698c460) thrown at [C:\re\workspace\8-2-build-windows-amd64-cygwin\jdk8u181\11358\hotspot\src\share\vm\prims\jvm.cpp, line 1435]
Event: 0.684 Thread 0x0000000003619800 Exception <a 'java/security/PrivilegedActionException'> (0x00000000d698c670) thrown at [C:\re\workspace\8-2-build-windows-amd64-cygwin\jdk8u181\11358\hotspot\src\share\vm\prims\jvm.cpp, line 1435]
Event: 2.609 Thread 0x0000000003619800 Exception <a 'java/lang/NoSuchFieldError': method resolution failed> (0x00000000d72d7750) thrown at [C:\re\workspace\8-2-build-windows-amd64-cygwin\jdk8u181\11358\hotspot\src\share\vm\prims\methodHandles.cpp, line 1167]
Event: 2.610 Thread 0x0000000003619800 Exception <a 'java/lang/NoSuchFieldError': method resolution failed> (0x00000000d72e5310) thrown at [C:\re\workspace\8-2-build-windows-amd64-cygwin\jdk8u181\11358\hotspot\src\share\vm\prims\methodHandles.cpp, line 1167]
Event: 2.644 Thread 0x0000000003619800 Exception <a 'java/io/FileNotFoundException'> (0x00000000d76668c0) thrown at [C:\re\workspace\8-2-build-windows-amd64-cygwin\jdk8u181\11358\hotspot\src\share\vm\prims\jni.cpp, line 709]
Event: 2.667 Thread 0x0000000003619800 Exception <a 'java/io/FileNotFoundException'> (0x00000000d77fcec0) thrown at [C:\re\workspace\8-2-build-windows-amd64-cygwin\jdk8u181\11358\hotspot\src\share\vm\prims\jni.cpp, line 709]

Events (10 events):
Event: 4.019 Thread 0x0000000003619800 DEOPT UNPACKING pc=0x0000000003857890 sp=0x000000000360efe0 mode 0
Event: 4.021 Thread 0x0000000003619800 Uncommon trap: trap_request=0xffffff65 fr.pc=0x0000000003bea0b4
Event: 4.021 Thread 0x0000000003619800 DEOPT PACKING pc=0x0000000003bea0b4 sp=0x000000000360f290
Event: 4.021 Thread 0x0000000003619800 DEOPT UNPACKING pc=0x000000000385583b sp=0x000000000360f260 mode 2
Event: 4.027 Thread 0x000000001c26d800 DEOPT PACKING pc=0x0000000003cec56b sp=0x000000001df7f3a0
Event: 4.027 Thread 0x000000001c26d800 DEOPT UNPACKING pc=0x0000000003857890 sp=0x000000001df7f168 mode 0
Event: 4.084 Executing VM operation: ParallelGCFailedAllocation
Event: 4.085 Executing VM operation: ParallelGCFailedAllocation done
Event: 4.305 Executing VM operation: ParallelGCFailedAllocation
Event: 4.306 Executing VM operation: ParallelGCFailedAllocation done


Dynamic libraries:
0x00007ff7658b0000 - 0x00007ff7658e7000 	C:\Program Files\Java\jdk1.8.0_181\bin\java.exe
0x00007ff85a250000 - 0x00007ff85a431000 	C:\WINDOWS\SYSTEM32\ntdll.dll
0x00007ff85a0d0000 - 0x00007ff85a182000 	C:\WINDOWS\System32\KERNEL32.DLL
0x00007ff857220000 - 0x00007ff857493000 	C:\WINDOWS\System32\KERNELBASE.dll
0x00007ff8586b0000 - 0x00007ff858751000 	C:\WINDOWS\System32\ADVAPI32.dll
0x00007ff8583b0000 - 0x00007ff85844e000 	C:\WINDOWS\System32\msvcrt.dll
0x00007ff858350000 - 0x00007ff8583ab000 	C:\WINDOWS\System32\sechost.dll
0x00007ff858b60000 - 0x00007ff858c84000 	C:\WINDOWS\System32\RPCRT4.dll
0x00007ff858450000 - 0x00007ff8585e0000 	C:\WINDOWS\System32\USER32.dll
0x00007ff856970000 - 0x00007ff856990000 	C:\WINDOWS\System32\win32u.dll
0x00007ff858a40000 - 0x00007ff858a68000 	C:\WINDOWS\System32\GDI32.dll
0x00007ff8567d0000 - 0x00007ff856962000 	C:\WINDOWS\System32\gdi32full.dll
0x00007ff856730000 - 0x00007ff8567cf000 	C:\WINDOWS\System32\msvcp_win.dll
0x00007ff857120000 - 0x00007ff85721a000 	C:\WINDOWS\System32\ucrtbase.dll
0x00007ff83e5b0000 - 0x00007ff83e819000 	C:\WINDOWS\WinSxS\amd64_microsoft.windows.common-controls_6595b64144ccf1df_6.0.17134.407_none_fb449d63306391e9\COMCTL32.dll
0x00007ff8579b0000 - 0x00007ff857cd2000 	C:\WINDOWS\System32\combase.dll
0x00007ff856990000 - 0x00007ff856a0a000 	C:\WINDOWS\System32\bcryptPrimitives.dll
0x00007ff858320000 - 0x00007ff85834d000 	C:\WINDOWS\System32\IMM32.DLL
0x0000000064c00000 - 0x0000000064cd2000 	C:\Program Files\Java\jdk1.8.0_181\jre\bin\msvcr100.dll
0x0000000064350000 - 0x0000000064bf2000 	C:\Program Files\Java\jdk1.8.0_181\jre\bin\server\jvm.dll
0x00007ff8586a0000 - 0x00007ff8586a8000 	C:\WINDOWS\System32\PSAPI.DLL
0x00007ff850f40000 - 0x00007ff850f4a000 	C:\WINDOWS\SYSTEM32\VERSION.dll
0x00007ff8534a0000 - 0x00007ff8534c3000 	C:\WINDOWS\SYSTEM32\WINMM.dll
0x00007ff853ca0000 - 0x00007ff853ca9000 	C:\WINDOWS\SYSTEM32\WSOCK32.dll
0x00007ff85a190000 - 0x00007ff85a1fc000 	C:\WINDOWS\System32\WS2_32.dll
0x00007ff853470000 - 0x00007ff85349a000 	C:\WINDOWS\SYSTEM32\winmmbase.dll
0x00007ff8574a0000 - 0x00007ff8574e9000 	C:\WINDOWS\System32\cfgmgr32.dll
0x0000000066be0000 - 0x0000000066bef000 	C:\Program Files\Java\jdk1.8.0_181\jre\bin\verify.dll
0x00000000659f0000 - 0x0000000065a19000 	C:\Program Files\Java\jdk1.8.0_181\jre\bin\java.dll
0x0000000065cc0000 - 0x0000000065ce3000 	C:\Program Files\Java\jdk1.8.0_181\jre\bin\instrument.dll
0x0000000064330000 - 0x0000000064346000 	C:\Program Files\Java\jdk1.8.0_181\jre\bin\zip.dll
0x00007ff858c90000 - 0x00007ff85a0cf000 	C:\WINDOWS\System32\SHELL32.dll
0x00007ff858760000 - 0x00007ff858809000 	C:\WINDOWS\System32\shcore.dll
0x00007ff856a10000 - 0x00007ff85711d000 	C:\WINDOWS\System32\windows.storage.dll
0x00007ff8582b0000 - 0x00007ff858301000 	C:\WINDOWS\System32\shlwapi.dll
0x00007ff856600000 - 0x00007ff856611000 	C:\WINDOWS\System32\kernel.appcore.dll
0x00007ff8565d0000 - 0x00007ff8565ef000 	C:\WINDOWS\System32\profapi.dll
0x00007ff856560000 - 0x00007ff8565ac000 	C:\WINDOWS\System32\powrprof.dll
0x00007ff8565f0000 - 0x00007ff8565fa000 	C:\WINDOWS\System32\FLTLIB.DLL
0x00007ff83b960000 - 0x00007ff83b97a000 	D:\Program Files\JetBrains\IntelliJ IDEA 2018.2.5\bin\breakgen64.dll
0x0000000064310000 - 0x000000006432a000 	C:\Program Files\Java\jdk1.8.0_181\jre\bin\net.dll
0x00007ff855de0000 - 0x00007ff855e46000 	C:\WINDOWS\system32\mswsock.dll
0x000000001cc70000 - 0x000000001cc73000 	C:\Users\leveretconey\.javacpp\cache\opencv-3.4.3-1.4.3-windows-x86_64.jar\org\bytedeco\javacpp\windows-x86_64\api-ms-win-crt-locale-l1-1-0.dll
0x00000000642f0000 - 0x0000000064301000 	C:\Program Files\Java\jdk1.8.0_181\jre\bin\nio.dll
0x000000001cc80000 - 0x000000001cc84000 	C:\Users\leveretconey\.javacpp\cache\opencv-3.4.3-1.4.3-windows-x86_64.jar\org\bytedeco\javacpp\windows-x86_64\api-ms-win-crt-string-l1-1-0.dll
0x000000001cc90000 - 0x000000001cc94000 	C:\Users\leveretconey\.javacpp\cache\opencv-3.4.3-1.4.3-windows-x86_64.jar\org\bytedeco\javacpp\windows-x86_64\api-ms-win-crt-stdio-l1-1-0.dll
0x000000001cca0000 - 0x000000001cca5000 	C:\Users\leveretconey\.javacpp\cache\opencv-3.4.3-1.4.3-windows-x86_64.jar\org\bytedeco\javacpp\windows-x86_64\api-ms-win-crt-math-l1-1-0.dll
0x000000001ccb0000 - 0x000000001ccb3000 	C:\Users\leveretconey\.javacpp\cache\opencv-3.4.3-1.4.3-windows-x86_64.jar\org\bytedeco\javacpp\windows-x86_64\api-ms-win-crt-heap-l1-1-0.dll
0x000000001ccc0000 - 0x000000001ccc4000 	C:\Users\leveretconey\.javacpp\cache\opencv-3.4.3-1.4.3-windows-x86_64.jar\org\bytedeco\javacpp\windows-x86_64\api-ms-win-crt-runtime-l1-1-0.dll
0x000000001ccd0000 - 0x000000001ccd4000 	C:\Users\leveretconey\.javacpp\cache\opencv-3.4.3-1.4.3-windows-x86_64.jar\org\bytedeco\javacpp\windows-x86_64\api-ms-win-crt-convert-l1-1-0.dll
0x000000001cce0000 - 0x000000001cce3000 	C:\Users\leveretconey\.javacpp\cache\opencv-3.4.3-1.4.3-windows-x86_64.jar\org\bytedeco\javacpp\windows-x86_64\api-ms-win-crt-environment-l1-1-0.dll
0x000000001ccf0000 - 0x000000001ccf3000 	C:\Users\leveretconey\.javacpp\cache\opencv-3.4.3-1.4.3-windows-x86_64.jar\org\bytedeco\javacpp\windows-x86_64\api-ms-win-crt-time-l1-1-0.dll
0x000000001cd00000 - 0x000000001cd03000 	C:\Users\leveretconey\.javacpp\cache\opencv-3.4.3-1.4.3-windows-x86_64.jar\org\bytedeco\javacpp\windows-x86_64\api-ms-win-crt-filesystem-l1-1-0.dll
0x000000001cd10000 - 0x000000001cd13000 	C:\Users\leveretconey\.javacpp\cache\opencv-3.4.3-1.4.3-windows-x86_64.jar\org\bytedeco\javacpp\windows-x86_64\api-ms-win-crt-utility-l1-1-0.dll
0x000000001cd20000 - 0x000000001cd25000 	C:\Users\leveretconey\.javacpp\cache\opencv-3.4.3-1.4.3-windows-x86_64.jar\org\bytedeco\javacpp\windows-x86_64\api-ms-win-crt-multibyte-l1-1-0.dll
0x00007ff83b890000 - 0x00007ff83b8a7000 	C:\Users\leveretconey\.javacpp\cache\opencv-3.4.3-1.4.3-windows-x86_64.jar\org\bytedeco\javacpp\windows-x86_64\vcruntime140.dll
0x00007ff82f450000 - 0x00007ff82f4ed000 	C:\Users\leveretconey\.javacpp\cache\opencv-3.4.3-1.4.3-windows-x86_64.jar\org\bytedeco\javacpp\windows-x86_64\msvcp140.dll
0x00007ff83b830000 - 0x00007ff83b881000 	C:\Users\leveretconey\.javacpp\cache\opencv-3.4.3-1.4.3-windows-x86_64.jar\org\bytedeco\javacpp\windows-x86_64\concrt140.dll
0x00007ff832420000 - 0x00007ff83244e000 	C:\Users\leveretconey\.javacpp\cache\opencv-3.4.3-1.4.3-windows-x86_64.jar\org\bytedeco\javacpp\windows-x86_64\vcomp140.dll
0x00007ff819e40000 - 0x00007ff81a147000 	C:\Users\leveretconey\.javacpp\cache\opencv-3.4.3-1.4.3-windows-x86_64.jar\org\bytedeco\javacpp\windows-x86_64\opencv_core343.dll
0x00007ff819a20000 - 0x00007ff819e3c000 	C:\Users\leveretconey\.javacpp\cache\opencv-3.4.3-1.4.3-windows-x86_64.jar\org\bytedeco\javacpp\windows-x86_64\opencv_imgproc343.dll
0x00007ff819670000 - 0x00007ff819a1a000 	C:\Users\leveretconey\.javacpp\cache\opencv-3.4.3-1.4.3-windows-x86_64.jar\org\bytedeco\javacpp\windows-x86_64\jniopencv_core.dll
0x00007ff828740000 - 0x00007ff828898000 	C:\Users\leveretconey\.javacpp\cache\opencv-3.4.3-1.4.3-windows-x86_64.jar\org\bytedeco\javacpp\windows-x86_64\jniopencv_imgproc.dll
0x00007ff82c060000 - 0x00007ff82c0fd000 	C:\Users\leveretconey\.javacpp\cache\opencv-3.4.3-1.4.3-windows-x86_64.jar\org\bytedeco\javacpp\windows-x86_64\opencv_objdetect343.dll
0x00007ff831360000 - 0x00007ff8313dc000 	C:\Users\leveretconey\.javacpp\cache\opencv-3.4.3-1.4.3-windows-x86_64.jar\org\bytedeco\javacpp\windows-x86_64\jniopencv_objdetect.dll
0x00007ff826a70000 - 0x00007ff826b2b000 	C:\Users\leveretconey\.javacpp\cache\ffmpeg-4.0.2-1.4.3-windows-x86_64.jar\org\bytedeco\javacpp\windows-x86_64\avutil-56.dll
0x00007ff8560c0000 - 0x00007ff8560e5000 	C:\WINDOWS\SYSTEM32\bcrypt.dll
0x000000006fe00000 - 0x000000006fee7000 	C:\Users\leveretconey\.javacpp\cache\ffmpeg-4.0.2-1.4.3-windows-x86_64.jar\org\bytedeco\javacpp\windows-x86_64\jniavutil.dll
0x0000000065ae0000 - 0x0000000065c79000 	C:\Program Files\Java\jdk1.8.0_181\jre\bin\awt.dll
0x00007ff858810000 - 0x00007ff8588d2000 	C:\WINDOWS\System32\OLEAUT32.dll
0x00007ff853fd0000 - 0x00007ff85405b000 	C:\WINDOWS\SYSTEM32\apphelp.dll
0x00007ff8546e0000 - 0x00007ff854709000 	C:\WINDOWS\system32\DWMAPI.DLL
0x00007ff854100000 - 0x00007ff854198000 	C:\WINDOWS\system32\uxtheme.dll
0x00007ff831510000 - 0x00007ff831537000 	C:\Users\leveretconey\.javacpp\cache\ffmpeg-4.0.2-1.4.3-windows-x86_64.jar\org\bytedeco\javacpp\windows-x86_64\swresample-3.dll
0x00007ff839250000 - 0x00007ff839370000 	C:\WINDOWS\system32\opengl32.dll
0x00007ff83f370000 - 0x00007ff83f39c000 	C:\WINDOWS\SYSTEM32\GLU32.dll
0x00007ff857ce0000 - 0x00007ff857e53000 	C:\WINDOWS\System32\MSCTF.dll
0x00007ff8588e0000 - 0x00007ff858a31000 	C:\WINDOWS\System32\ole32.dll
0x0000000070080000 - 0x00000000700ae000 	C:\Users\leveretconey\.javacpp\cache\ffmpeg-4.0.2-1.4.3-windows-x86_64.jar\org\bytedeco\javacpp\windows-x86_64\jniswresample.dll
0x00007ff80f300000 - 0x00007ff811581000 	C:\Users\leveretconey\.javacpp\cache\ffmpeg-4.0.2-1.4.3-windows-x86_64.jar\org\bytedeco\javacpp\windows-x86_64\avcodec-58.dll
0x000000006a1c0000 - 0x000000006a424000 	C:\Users\leveretconey\.javacpp\cache\ffmpeg-4.0.2-1.4.3-windows-x86_64.jar\org\bytedeco\javacpp\windows-x86_64\jniavcodec.dll
0x00007ff818b20000 - 0x00007ff818fe1000 	C:\Users\leveretconey\.javacpp\cache\ffmpeg-4.0.2-1.4.3-windows-x86_64.jar\org\bytedeco\javacpp\windows-x86_64\avformat-58.dll
0x00007ff8574f0000 - 0x00007ff8576d2000 	C:\WINDOWS\System32\CRYPT32.dll
0x00007ff8565b0000 - 0x00007ff8565c2000 	C:\WINDOWS\System32\MSASN1.dll
0x000000006abc0000 - 0x000000006ad0a000 	C:\Users\leveretconey\.javacpp\cache\ffmpeg-4.0.2-1.4.3-windows-x86_64.jar\org\bytedeco\javacpp\windows-x86_64\jniavformat.dll
0x00007ff8269d0000 - 0x00007ff826a65000 	C:\Users\leveretconey\.javacpp\cache\ffmpeg-4.0.2-1.4.3-windows-x86_64.jar\org\bytedeco\javacpp\windows-x86_64\swscale-5.dll
0x0000000067cc0000 - 0x0000000067cf6000 	C:\Users\leveretconey\.javacpp\cache\ffmpeg-4.0.2-1.4.3-windows-x86_64.jar\org\bytedeco\javacpp\windows-x86_64\jniswscale.dll
0x00007ff830140000 - 0x00007ff83016a000 	C:\Users\leveretconey\.javacpp\cache\ffmpeg-4.0.2-1.4.3-windows-x86_64.jar\org\bytedeco\javacpp\windows-x86_64\postproc-55.dll
0x000000006a0c0000 - 0x000000006a0ed000 	C:\Users\leveretconey\.javacpp\cache\ffmpeg-4.0.2-1.4.3-windows-x86_64.jar\org\bytedeco\javacpp\windows-x86_64\jnipostproc.dll
0x00007ff818790000 - 0x00007ff818b11000 	C:\Users\leveretconey\.javacpp\cache\ffmpeg-4.0.2-1.4.3-windows-x86_64.jar\org\bytedeco\javacpp\windows-x86_64\avfilter-7.dll
0x000000001ef60000 - 0x000000001efd7000 	C:\Users\leveretconey\.javacpp\cache\ffmpeg-4.0.2-1.4.3-windows-x86_64.jar\org\bytedeco\javacpp\windows-x86_64\jniavfilter.dll
0x00007ff82f420000 - 0x00007ff82f44c000 	C:\Users\leveretconey\.javacpp\cache\ffmpeg-4.0.2-1.4.3-windows-x86_64.jar\org\bytedeco\javacpp\windows-x86_64\avdevice-58.dll
0x00007ff837960000 - 0x00007ff837978000 	C:\WINDOWS\SYSTEM32\AVICAP32.dll
0x00007ff83b7d0000 - 0x00007ff83b7f9000 	C:\WINDOWS\SYSTEM32\MSVFW32.dll
0x000000001e430000 - 0x000000001e469000 	C:\Users\leveretconey\.javacpp\cache\ffmpeg-4.0.2-1.4.3-windows-x86_64.jar\org\bytedeco\javacpp\windows-x86_64\jniavdevice.dll
0x00007ff855ba0000 - 0x00007ff855c5e000 	C:\WINDOWS\SYSTEM32\DNSAPI.dll
0x00007ff857880000 - 0x00007ff857888000 	C:\WINDOWS\System32\NSI.dll
0x00007ff855b60000 - 0x00007ff855b98000 	C:\WINDOWS\SYSTEM32\IPHLPAPI.DLL
0x00007ff84ac40000 - 0x00007ff84ac4a000 	C:\Windows\System32\rasadhlp.dll
0x00007ff84ac80000 - 0x00007ff84acf2000 	C:\WINDOWS\System32\fwpuclnt.dll
0x00007ff854320000 - 0x00007ff8544e9000 	C:\WINDOWS\SYSTEM32\dbghelp.dll

VM Arguments:
jvm_args: -javaagent:D:\Program Files\JetBrains\IntelliJ IDEA 2018.2.5\lib\idea_rt.jar=1960:D:\Program Files\JetBrains\IntelliJ IDEA 2018.2.5\bin -Dfile.encoding=UTF-8 
java_command: test.Test
java_class_path (initial): C:\Program Files\Java\jdk1.8.0_181\jre\lib\charsets.jar;C:\Program Files\Java\jdk1.8.0_181\jre\lib\deploy.jar;C:\Program Files\Java\jdk1.8.0_181\jre\lib\ext\access-bridge-64.jar;C:\Program Files\Java\jdk1.8.0_181\jre\lib\ext\cldrdata.jar;C:\Program Files\Java\jdk1.8.0_181\jre\lib\ext\dnsns.jar;C:\Program Files\Java\jdk1.8.0_181\jre\lib\ext\jaccess.jar;C:\Program Files\Java\jdk1.8.0_181\jre\lib\ext\jfxrt.jar;C:\Program Files\Java\jdk1.8.0_181\jre\lib\ext\localedata.jar;C:\Program Files\Java\jdk1.8.0_181\jre\lib\ext\nashorn.jar;C:\Program Files\Java\jdk1.8.0_181\jre\lib\ext\sunec.jar;C:\Program Files\Java\jdk1.8.0_181\jre\lib\ext\sunjce_provider.jar;C:\Program Files\Java\jdk1.8.0_181\jre\lib\ext\sunmscapi.jar;C:\Program Files\Java\jdk1.8.0_181\jre\lib\ext\sunpkcs11.jar;C:\Program Files\Java\jdk1.8.0_181\jre\lib\ext\zipfs.jar;C:\Program Files\Java\jdk1.8.0_181\jre\lib\javaws.jar;C:\Program Files\Java\jdk1.8.0_181\jre\lib\jce.jar;C:\Program Files\Java\jdk1.8.0_181\jre\lib\jfr.jar;C:\Program Files\Java\jdk1.8.0_181\jre\lib\jfxswt.jar;C:\Program Files\Java\jdk1.8.0_181\jre\lib\jsse.jar;C:\Program Files\Java\jdk1.8.0_181\jre\lib\management-agent.jar;C:\Program Files\Java\jdk1.8.0_181\jre\lib\plugin.jar;C:\Program Files\Java\jdk1.8.0_181\jre\lib\resources.jar;C:\Program Files\Java\jdk1.8.0_181\jre\lib\rt.jar;D:\MyProjects\java\webClient\out\production\classes;C:\Users\leveretconey\.gradle\caches\modules-2\files-2.1\org.bytedeco\javacv-platform\1.4.3\de956c28876a593d03675e0590d46f05313697bd\javacv-platform-1.4.3.jar;C:\Users\leveretconey\.gradle\caches\modules-2\files-2.1\org.bytedeco\javacv\1.4.3\91cca77b87cf9811a096601fd82811bcd105ef34\javacv-1.4.3.jar;C:\Users\leveretconey\.gradle\caches\modules-2\files-2.1\org.bytedeco.javacpp-presets\flandmark-platform\1.07-1.4.3\b9b5863c6c81d9e12db944eb9191e043f96fc3d2\flandmark-platform-1.07-1.4.3.jar;C:\Users\leveretconey\.gradle\caches\modules-2\files-2.1\org.bytedeco.javacpp-presets\opencv-platform\3.4.
Launcher Type: SUN_STANDARD

Environment Variables:
JAVA_HOME=C:\Program Files\Java\jdk1.8.0_181
CLASSPATH=.;C:\Program Files\Java\jdk1.8.0_181\lib;C:\Program Files\Java\jdk1.8.0_181\lib\tools.jar?
PATH=C:\Program Files (x86)\Common Files\Oracle\Java\javapath;C:\Program Files (x86)\Intel\iCLS Client\;C:\Program Files\Intel\iCLS Client\;C:\WINDOWS\system32;C:\WINDOWS;C:\WINDOWS\System32\Wbem;C:\WINDOWS\System32\WindowsPowerShell\v1.0\;C:\Program Files (x86)\Intel\Intel(R) Management Engine Components\DAL;C:\Program Files\Intel\Intel(R) Management Engine Components\DAL;C:\Program Files (x86)\Intel\Intel(R) Management Engine Components\IPT;C:\Program Files\Intel\Intel(R) Management Engine Components\IPT;d:\Program Files\Git\cmd;C:\WINDOWS\System32\OpenSSH\;D:\Program Files\CTEX\UserData\miktex\bin;D:\Program Files\CTEX\MiKTeX\miktex\bin;D:\Program Files\CTEX\CTeX;D:\Program Files\CTEX\CTeX\Packages\ctex\bin;D:\Program Files\CTEX\CTeX;D:\Program Files\CTEX\CTeX\Packages\cct\bin;D:\Program Files\CTEX\CTeX;D:\Program Files\CTEX\CTeX\Packages\ty\bin;D:\Program Files\CTEX\Ghostscript\gs9.18\bin;D:\Program Files\CTEX\GSview\gsview;D:\Program Files\CTEX\WinEdt;C:\Users\leveretconey\AppData\Local\Microsoft\WindowsApps;C:\Users\leveretconey\AppData\Local\Continuum\anaconda3\Scripts;C:\Users\leveretconey\AppData\Local\Continuum\anaconda3\pkgs\python-3.6.6-hea74fb7_0;"C:\Program Files\Java\jdk1.8.0_181\bin;C:\Program Files\Java\jdk1.8.0_181\jre\bin;?";D:\Android\android-sdk\platform-tools;C:\Program Files\MySQL\MySQL Server 8.0\bin;C:\Program Files (x86)\Microsoft Visual Studio\2017\Community\VC\Tools\MSVC\14.15.26726\bin\Hostx64\x64;;d:\Program Files\Docker Toolbox
USERNAME=leveretconey
OS=Windows_NT
PROCESSOR_IDENTIFIER=Intel64 Family 6 Model 142 Stepping 10, GenuineIntel



---------------  S Y S T E M  ---------------

OS: Windows 10.0 , 64 bit Build 17134 (10.0.17134.1)

CPU:total 8 (initial active 8) (4 cores per cpu, 2 threads per core) family 6 model 142 stepping 10, cmov, cx8, fxsr, mmx, sse, sse2, sse3, ssse3, sse4.1, sse4.2, popcnt, avx, avx2, aes, clmul, erms, 3dnowpref, lzcnt, ht, tsc, tscinvbit, bmi1, bmi2, adx

Memory: 4k page, physical 8239204k(2265932k free), swap 12313448k(2062056k free)

vm_info: Java HotSpot(TM) 64-Bit Server VM (25.181-b13) for windows-amd64 JRE (1.8.0_181-b13), built on Jul  7 2018 04:01:33 by "java_re" with MS VC++ 10.0 (VS2010)

time: Mon Dec 10 20:58:41 2018
elapsed time: 4 seconds (0d 0h 0m 4s)

