#
# A fatal error has been detected by the Java Runtime Environment:
#
#  EXCEPTION_ACCESS_VIOLATION (0xc0000005) at pc=0x00007ff826a1ebf3, pid=1656, tid=0x0000000000001618
#
# JRE version: Java(TM) SE Runtime Environment (8.0_181-b13) (build 1.8.0_181-b13)
# Java VM: Java HotSpot(TM) 64-Bit Server VM (25.181-b13 mixed mode windows-amd64 compressed oops)
# Problematic frame:
# C  [swscale-5.dll+0x4ebf3]
#
# Failed to write core dump. Minidumps are not enabled by default on client versions of Windows
#
# If you would like to submit a bug report, please visit:
#   http://bugreport.java.com/bugreport/crash.jsp
# The crash happened outside the Java Virtual Machine in native code.
# See problematic frame for where to report the bug.
#

---------------  T H R E A D  ---------------

Current thread (0x000000001c21d800):  JavaThread "Thread-0" [_thread_in_native, id=5656, stack(0x000000001d840000,0x000000001d940000)]

siginfo: ExceptionCode=0xc0000005, reading address 0x00000000346cf000

Registers:
RAX=0x00007ff826a1eba0, RBX=0x0000000000000003, RCX=0x0000000024da14dd, RDX=0x00000000346cfbe2
RSP=0x000000001d93ee28, RBP=0x0000000024d820e0, RSI=0x0000000024d78b00, RDI=0x0000000000000556
R8 =0x00000000346ce6a8, R9 =0x00000000346ce6a8, R10=0xfffffffffffffa03, R11=0x0000000024d820e0
R12=0x0000000000000064, R13=0x0000000000000005, R14=0x0000000024d6f600, R15=0x0000000000000018
RIP=0x00007ff826a1ebf3, EFLAGS=0x0000000000010286

Top of Stack: (sp=0x000000001d93ee28)
0x000000001d93ee28:   00007ff8269d2721 0000000000000000
0x000000001d93ee38:   0000000000000000 0000000000000000
0x000000001d93ee48:   0000000000000000 0000000000000556
0x000000001d93ee58:   0000000024d820e0 000000001d93ee70
0x000000001d93ee68:   0000000024d820e0 00000000346ce6a8
0x000000001d93ee78:   00000000346ce6a8 00000000346ce6a8
0x000000001d93ee88:   00000000346ce6a8 000000002a239080
0x000000001d93ee98:   0000000024d78b00 0000000000000005
0x000000001d93eea8:   0000000000000064 0000000024d6f650
0x000000001d93eeb8:   0000000024d6f600 0000000000000064
0x000000001d93eec8:   0000000000000000 0000000000000066
0x000000001d93eed8:   00007ff826a07a71 0000000000000000
0x000000001d93eee8:   0000000000000002 0000000000000004
0x000000001d93eef8:   0000000000000005 0000000000000063
0x000000001d93ef08:   0000000000000064 0000000000000000
0x000000001d93ef18:   0000000000000180 0000000000000000 

Instructions: (pc=0x00007ff826a1ebf3)
0x00007ff826a1ebd3:   8d 14 52 4c 01 d1 49 f7 da c5 f9 6f 25 6c d9 02
0x00007ff826a1ebe3:   00 c5 c1 74 ff c5 c1 71 d7 08 c4 a1 7a 6f 04 52
0x00007ff826a1ebf3:   c4 a1 7a 6f 54 52 10 c5 c1 db da c5 c1 db c8 c5
0x00007ff826a1ec03:   f9 71 d0 08 c5 e9 71 d2 08 c5 f1 f5 cd c5 f9 f5 


Register to memory mapping:

RAX=0x00007ff826a1eba0 is an unknown value
RBX=0x0000000000000003 is an unknown value
RCX=0x0000000024da14dd is an unknown value
RDX=0x00000000346cfbe2 is an unknown value
RSP=0x000000001d93ee28 is pointing into the stack for thread: 0x000000001c21d800
RBP=0x0000000024d820e0 is an unknown value
RSI=0x0000000024d78b00 is an unknown value
RDI=0x0000000000000556 is an unknown value
R8 =0x00000000346ce6a8 is an unknown value
R9 =0x00000000346ce6a8 is an unknown value
R10=0xfffffffffffffa03 is an unknown value
R11=0x0000000024d820e0 is an unknown value
R12=0x0000000000000064 is an unknown value
R13=0x0000000000000005 is an unknown value
R14=0x0000000024d6f600 is an unknown value
R15=0x0000000000000018 is an unknown value


Stack: [0x000000001d840000,0x000000001d940000],  sp=0x000000001d93ee28,  free space=1019k
Native frames: (J=compiled Java code, j=interpreted, Vv=VM code, C=native code)
C  [swscale-5.dll+0x4ebf3]

Java frames: (J=compiled Java code, j=interpreted, Vv=VM code)
j  org.bytedeco.javacpp.swscale.sws_scale(Lorg/bytedeco/javacpp/swscale$SwsContext;Lorg/bytedeco/javacpp/PointerPointer;Lorg/bytedeco/javacpp/IntPointer;IILorg/bytedeco/javacpp/PointerPointer;Lorg/bytedeco/javacpp/IntPointer;)I+0
j  org.bytedeco.javacv.FFmpegFrameRecorder.recordImage(IIIIII[Ljava/nio/Buffer;)Z+607
j  org.bytedeco.javacv.FFmpegFrameRecorder.record(Lorg/bytedeco/javacv/Frame;I)V+70
j  org.bytedeco.javacv.FFmpegFrameRecorder.record(Lorg/bytedeco/javacv/Frame;)V+3
J 1069% C2 test.CodingAndSend.run()V (212 bytes) @ 0x0000000003730c00 [0x0000000003730980+0x280]
j  java.lang.Thread.run()V+11
v  ~StubRoutines::call_stub

---------------  P R O C E S S  ---------------

Java Threads: ( => current thread )
  0x000000001c23c000 JavaThread "AWT-Shutdown" [_thread_blocked, id=16700, stack(0x000000002a4c0000,0x000000002a5c0000)]
  0x000000001c43b000 JavaThread "AWT-Windows" daemon [_thread_in_native, id=14188, stack(0x000000001dfc0000,0x000000001e0c0000)]
  0x000000001c4c7000 JavaThread "Java2D Disposer" daemon [_thread_blocked, id=12432, stack(0x000000001ddc0000,0x000000001dec0000)]
=>0x000000001c21d800 JavaThread "Thread-0" [_thread_in_native, id=5656, stack(0x000000001d840000,0x000000001d940000)]
  0x000000001b692000 JavaThread "JavaCPP Deallocator" daemon [_thread_blocked, id=4620, stack(0x000000001d740000,0x000000001d840000)]
  0x000000001a97f000 JavaThread "Service Thread" daemon [_thread_blocked, id=628, stack(0x000000001b460000,0x000000001b560000)]
  0x000000001a97e800 JavaThread "C1 CompilerThread3" daemon [_thread_blocked, id=6052, stack(0x000000001b360000,0x000000001b460000)]
  0x000000001a984800 JavaThread "C2 CompilerThread2" daemon [_thread_blocked, id=948, stack(0x000000001b260000,0x000000001b360000)]
  0x000000001a98a000 JavaThread "C2 CompilerThread1" daemon [_thread_blocked, id=11068, stack(0x000000001b160000,0x000000001b260000)]
  0x000000001a987800 JavaThread "C2 CompilerThread0" daemon [_thread_blocked, id=3888, stack(0x000000001b060000,0x000000001b160000)]
  0x000000001a94a800 JavaThread "Monitor Ctrl-Break" daemon [_thread_in_native, id=5272, stack(0x000000001af60000,0x000000001b060000)]
  0x000000001a09b800 JavaThread "Attach Listener" daemon [_thread_blocked, id=12140, stack(0x000000001a660000,0x000000001a760000)]
  0x000000001a046000 JavaThread "Signal Dispatcher" daemon [_thread_blocked, id=13576, stack(0x000000001a560000,0x000000001a660000)]
  0x000000001a020800 JavaThread "Finalizer" daemon [_thread_blocked, id=14908, stack(0x000000001a400000,0x000000001a500000)]
  0x0000000018133800 JavaThread "Reference Handler" daemon [_thread_blocked, id=11236, stack(0x0000000019f00000,0x000000001a000000)]
  0x0000000003029800 JavaThread "main" [_thread_in_native, id=16316, stack(0x0000000002f10000,0x0000000003010000)]

Other Threads:
  0x000000001812a800 VMThread [stack: 0x0000000019e00000,0x0000000019f00000] [id=9820]
  0x000000001abf2800 WatcherThread [stack: 0x000000001b560000,0x000000001b660000] [id=12584]

VM state:not at safepoint (normal execution)

VM Mutex/Monitor currently owned by a thread: None

Heap:
 PSYoungGen      total 26624K, used 8855K [0x00000000d6180000, 0x00000000d8200000, 0x0000000100000000)
  eden space 26112K, 33% used [0x00000000d6180000,0x00000000d69fddd0,0x00000000d7b00000)
  from space 512K, 31% used [0x00000000d7b80000,0x00000000d7ba8000,0x00000000d7c00000)
  to   space 3584K, 0% used [0x00000000d7e80000,0x00000000d7e80000,0x00000000d8200000)
 ParOldGen       total 86016K, used 14998K [0x0000000082400000, 0x0000000087800000, 0x00000000d6180000)
  object space 86016K, 17% used [0x0000000082400000,0x00000000832a5bf8,0x0000000087800000)
 Metaspace       used 11657K, capacity 11818K, committed 12160K, reserved 1060864K
  class space    used 1249K, capacity 1315K, committed 1408K, reserved 1048576K

Card table byte_map: [0x00000000125e0000,0x00000000129d0000] byte_map_base: 0x00000000121ce000

Marking Bits: (ParMarkBitMap*) 0x0000000064b72d00
 Begin Bits: [0x0000000013470000, 0x00000000153e0000)
 End Bits:   [0x00000000153e0000, 0x0000000017350000)

Polling page: 0x0000000000bc0000

CodeCache: size=245760Kb used=5203Kb max_used=5203Kb free=240556Kb
 bounds [0x0000000003220000, 0x0000000003740000, 0x0000000012220000]
 total_blobs=1614 nmethods=1087 adapters=440
 compilation: enabled

Compilation events (10 events):
Event: 6.094 Thread 0x000000001a97e800 1082       3       sun.nio.cs.UTF_8::access$200 (8 bytes)
Event: 6.094 Thread 0x000000001a97e800 nmethod 1082 0x0000000003735550 code [0x00000000037356e0, 0x0000000003735b78]
Event: 6.094 Thread 0x000000001a97e800 1083       3       sun.nio.cs.UTF_8::updatePositions (23 bytes)
Event: 6.094 Thread 0x000000001a97e800 nmethod 1083 0x0000000003735d90 code [0x0000000003735f20, 0x0000000003736358]
Event: 6.344 Thread 0x000000001a97e800 1084       3       java.io.BufferedWriter::ensureOpen (18 bytes)
Event: 6.344 Thread 0x000000001a97e800 nmethod 1084 0x00000000037364d0 code [0x0000000003736640, 0x0000000003736888]
Event: 6.344 Thread 0x000000001a97e800 1085       1       sun.nio.cs.StreamEncoder::isOpen (5 bytes)
Event: 6.344 Thread 0x000000001a97e800 nmethod 1085 0x0000000003736950 code [0x0000000003736aa0, 0x0000000003736bb0]
Event: 6.408 Thread 0x000000001a97e800 1086       1       java.lang.Integer::intValue (5 bytes)
Event: 6.408 Thread 0x000000001a97e800 nmethod 1086 0x0000000003736c10 code [0x0000000003736d60, 0x0000000003736e70]

GC Heap History (10 events):
Event: 5.597 GC heap before
{Heap before GC invocations=13 (full 0):
 PSYoungGen      total 32256K, used 25463K [0x00000000d6180000, 0x00000000d8580000, 0x0000000100000000)
  eden space 28672K, 88% used [0x00000000d6180000,0x00000000d7a35db8,0x00000000d7d80000)
  from space 3584K, 4% used [0x00000000d8200000,0x00000000d8228000,0x00000000d8580000)
  to   space 4096K, 0% used [0x00000000d7d80000,0x00000000d7d80000,0x00000000d8180000)
 ParOldGen       total 86016K, used 14926K [0x0000000082400000, 0x0000000087800000, 0x00000000d6180000)
  object space 86016K, 17% used [0x0000000082400000,0x0000000083293bf8,0x0000000087800000)
 Metaspace       used 11656K, capacity 11818K, committed 12160K, reserved 1060864K
  class space    used 1249K, capacity 1315K, committed 1408K, reserved 1048576K
Event: 5.598 GC heap after
Heap after GC invocations=13 (full 0):
 PSYoungGen      total 28672K, used 160K [0x00000000d6180000, 0x00000000d8500000, 0x0000000100000000)
  eden space 28160K, 0% used [0x00000000d6180000,0x00000000d6180000,0x00000000d7d00000)
  from space 512K, 31% used [0x00000000d7d80000,0x00000000d7da8000,0x00000000d7e00000)
  to   space 4096K, 0% used [0x00000000d8100000,0x00000000d8100000,0x00000000d8500000)
 ParOldGen       total 86016K, used 14934K [0x0000000082400000, 0x0000000087800000, 0x00000000d6180000)
  object space 86016K, 17% used [0x0000000082400000,0x0000000083295bf8,0x0000000087800000)
 Metaspace       used 11656K, capacity 11818K, committed 12160K, reserved 1060864K
  class space    used 1249K, capacity 1315K, committed 1408K, reserved 1048576K
}
Event: 5.842 GC heap before
{Heap before GC invocations=14 (full 0):
 PSYoungGen      total 28672K, used 25304K [0x00000000d6180000, 0x00000000d8500000, 0x0000000100000000)
  eden space 28160K, 89% used [0x00000000d6180000,0x00000000d7a0e3e0,0x00000000d7d00000)
  from space 512K, 31% used [0x00000000d7d80000,0x00000000d7da8000,0x00000000d7e00000)
  to   space 4096K, 0% used [0x00000000d8100000,0x00000000d8100000,0x00000000d8500000)
 ParOldGen       total 86016K, used 14934K [0x0000000082400000, 0x0000000087800000, 0x00000000d6180000)
  object space 86016K, 17% used [0x0000000082400000,0x0000000083295bf8,0x0000000087800000)
 Metaspace       used 11656K, capacity 11818K, committed 12160K, reserved 1060864K
  class space    used 1249K, capacity 1315K, committed 1408K, reserved 1048576K
Event: 5.842 GC heap after
Heap after GC invocations=14 (full 0):
 PSYoungGen      total 31232K, used 160K [0x00000000d6180000, 0x00000000d8480000, 0x0000000100000000)
  eden space 27648K, 0% used [0x00000000d6180000,0x00000000d6180000,0x00000000d7c80000)
  from space 3584K, 4% used [0x00000000d8100000,0x00000000d8128000,0x00000000d8480000)
  to   space 4096K, 0% used [0x00000000d7c80000,0x00000000d7c80000,0x00000000d8080000)
 ParOldGen       total 86016K, used 14958K [0x0000000082400000, 0x0000000087800000, 0x00000000d6180000)
  object space 86016K, 17% used [0x0000000082400000,0x000000008329bbf8,0x0000000087800000)
 Metaspace       used 11656K, capacity 11818K, committed 12160K, reserved 1060864K
  class space    used 1249K, capacity 1315K, committed 1408K, reserved 1048576K
}
Event: 6.096 GC heap before
{Heap before GC invocations=15 (full 0):
 PSYoungGen      total 31232K, used 25292K [0x00000000d6180000, 0x00000000d8480000, 0x0000000100000000)
  eden space 27648K, 90% used [0x00000000d6180000,0x00000000d7a0b3b0,0x00000000d7c80000)
  from space 3584K, 4% used [0x00000000d8100000,0x00000000d8128000,0x00000000d8480000)
  to   space 4096K, 0% used [0x00000000d7c80000,0x00000000d7c80000,0x00000000d8080000)
 ParOldGen       total 86016K, used 14958K [0x0000000082400000, 0x0000000087800000, 0x00000000d6180000)
  object space 86016K, 17% used [0x0000000082400000,0x000000008329bbf8,0x0000000087800000)
 Metaspace       used 11657K, capacity 11818K, committed 12160K, reserved 1060864K
  class space    used 1249K, capacity 1315K, committed 1408K, reserved 1048576K
Event: 6.096 GC heap after
Heap after GC invocations=15 (full 0):
 PSYoungGen      total 27648K, used 192K [0x00000000d6180000, 0x00000000d8400000, 0x0000000100000000)
  eden space 27136K, 0% used [0x00000000d6180000,0x00000000d6180000,0x00000000d7c00000)
  from space 512K, 37% used [0x00000000d7c80000,0x00000000d7cb0000,0x00000000d7d00000)
  to   space 4096K, 0% used [0x00000000d8000000,0x00000000d8000000,0x00000000d8400000)
 ParOldGen       total 86016K, used 14974K [0x0000000082400000, 0x0000000087800000, 0x00000000d6180000)
  object space 86016K, 17% used [0x0000000082400000,0x000000008329fbf8,0x0000000087800000)
 Metaspace       used 11657K, capacity 11818K, committed 12160K, reserved 1060864K
  class space    used 1249K, capacity 1315K, committed 1408K, reserved 1048576K
}
Event: 6.352 GC heap before
{Heap before GC invocations=16 (full 0):
 PSYoungGen      total 27648K, used 25313K [0x00000000d6180000, 0x00000000d8400000, 0x0000000100000000)
  eden space 27136K, 92% used [0x00000000d6180000,0x00000000d7a086c8,0x00000000d7c00000)
  from space 512K, 37% used [0x00000000d7c80000,0x00000000d7cb0000,0x00000000d7d00000)
  to   space 4096K, 0% used [0x00000000d8000000,0x00000000d8000000,0x00000000d8400000)
 ParOldGen       total 86016K, used 14974K [0x0000000082400000, 0x0000000087800000, 0x00000000d6180000)
  object space 86016K, 17% used [0x0000000082400000,0x000000008329fbf8,0x0000000087800000)
 Metaspace       used 11657K, capacity 11818K, committed 12160K, reserved 1060864K
  class space    used 1249K, capacity 1315K, committed 1408K, reserved 1048576K
Event: 6.353 GC heap after
Heap after GC invocations=16 (full 0):
 PSYoungGen      total 29184K, used 96K [0x00000000d6180000, 0x00000000d8280000, 0x0000000100000000)
  eden space 26624K, 0% used [0x00000000d6180000,0x00000000d6180000,0x00000000d7b80000)
  from space 2560K, 3% used [0x00000000d8000000,0x00000000d8018000,0x00000000d8280000)
  to   space 3584K, 0% used [0x00000000d7b80000,0x00000000d7b80000,0x00000000d7f00000)
 ParOldGen       total 86016K, used 14990K [0x0000000082400000, 0x0000000087800000, 0x00000000d6180000)
  object space 86016K, 17% used [0x0000000082400000,0x00000000832a3bf8,0x0000000087800000)
 Metaspace       used 11657K, capacity 11818K, committed 12160K, reserved 1060864K
  class space    used 1249K, capacity 1315K, committed 1408K, reserved 1048576K
}
Event: 6.572 GC heap before
{Heap before GC invocations=17 (full 0):
 PSYoungGen      total 29184K, used 25206K [0x00000000d6180000, 0x00000000d8280000, 0x0000000100000000)
  eden space 26624K, 94% used [0x00000000d6180000,0x00000000d7a05bf8,0x00000000d7b80000)
  from space 2560K, 3% used [0x00000000d8000000,0x00000000d8018000,0x00000000d8280000)
  to   space 3584K, 0% used [0x00000000d7b80000,0x00000000d7b80000,0x00000000d7f00000)
 ParOldGen       total 86016K, used 14990K [0x0000000082400000, 0x0000000087800000, 0x00000000d6180000)
  object space 86016K, 17% used [0x0000000082400000,0x00000000832a3bf8,0x0000000087800000)
 Metaspace       used 11657K, capacity 11818K, committed 12160K, reserved 1060864K
  class space    used 1249K, capacity 1315K, committed 1408K, reserved 1048576K
Event: 6.572 GC heap after
Heap after GC invocations=17 (full 0):
 PSYoungGen      total 26624K, used 160K [0x00000000d6180000, 0x00000000d8200000, 0x0000000100000000)
  eden space 26112K, 0% used [0x00000000d6180000,0x00000000d6180000,0x00000000d7b00000)
  from space 512K, 31% used [0x00000000d7b80000,0x00000000d7ba8000,0x00000000d7c00000)
  to   space 3584K, 0% used [0x00000000d7e80000,0x00000000d7e80000,0x00000000d8200000)
 ParOldGen       total 86016K, used 14998K [0x0000000082400000, 0x0000000087800000, 0x00000000d6180000)
  object space 86016K, 17% used [0x0000000082400000,0x00000000832a5bf8,0x0000000087800000)
 Metaspace       used 11657K, capacity 11818K, committed 12160K, reserved 1060864K
  class space    used 1249K, capacity 1315K, committed 1408K, reserved 1048576K
}

Deoptimization events (10 events):
Event: 2.797 Thread 0x0000000003029800 Uncommon trap: reason=unstable_if action=reinterpret pc=0x00000000033dceb8 method=sun.misc.MetaIndex.mayContain(Ljava/lang/String;)Z @ 38
Event: 2.832 Thread 0x0000000003029800 Uncommon trap: reason=unstable_if action=reinterpret pc=0x00000000034456a4 method=java.io.WinNTFileSystem.prefixLength(Ljava/lang/String;)I @ 42
Event: 4.638 Thread 0x000000001c21d800 Uncommon trap: reason=unstable_if action=reinterpret pc=0x0000000003660690 method=java.lang.StringCoding.encode(Ljava/lang/String;[CII)[B @ 38
Event: 4.638 Thread 0x000000001c21d800 Uncommon trap: reason=class_check action=maybe_recompile pc=0x000000000365d848 method=java.lang.StringCoding$StringEncoder.encode([CII)[B @ 30
Event: 4.638 Thread 0x000000001c21d800 Uncommon trap: reason=class_check action=maybe_recompile pc=0x000000000365d848 method=java.lang.StringCoding$StringEncoder.encode([CII)[B @ 30
Event: 4.649 Thread 0x000000001c21d800 Uncommon trap: reason=unstable_if action=reinterpret pc=0x000000000365e96c method=java.lang.StringCoding.encode(Ljava/lang/String;[CII)[B @ 38
Event: 4.677 Thread 0x000000001c21d800 Uncommon trap: reason=class_check action=maybe_recompile pc=0x000000000365d848 method=java.lang.StringCoding$StringEncoder.encode([CII)[B @ 30
Event: 4.677 Thread 0x000000001c21d800 Uncommon trap: reason=class_check action=maybe_recompile pc=0x000000000365d848 method=java.lang.StringCoding$StringEncoder.encode([CII)[B @ 30
Event: 5.056 Thread 0x000000001c21d800 Uncommon trap: reason=unstable_if action=reinterpret pc=0x000000000371baf0 method=java.util.AbstractCollection.isEmpty()Z @ 4
Event: 5.141 Thread 0x0000000003029800 Uncommon trap: reason=unstable_if action=reinterpret pc=0x000000000372eaec method=org.bytedeco.javacv.Java2DFrameConverter.flipCopyWithGamma(Ljava/nio/IntBuffer;ILjava/nio/IntBuffer;IDZI)V @ 50

Classes redefined (0 events):
No events

Internal exceptions (10 events):
Event: 0.588 Thread 0x0000000003029800 Exception <a 'java/security/PrivilegedActionException'> (0x00000000d6673248) thrown at [C:\re\workspace\8-2-build-windows-amd64-cygwin\jdk8u181\11358\hotspot\src\share\vm\prims\jvm.cpp, line 1435]
Event: 0.588 Thread 0x0000000003029800 Exception <a 'java/security/PrivilegedActionException'> (0x00000000d6673458) thrown at [C:\re\workspace\8-2-build-windows-amd64-cygwin\jdk8u181\11358\hotspot\src\share\vm\prims\jvm.cpp, line 1435]
Event: 0.681 Thread 0x0000000003029800 Exception <a 'java/security/PrivilegedActionException'> (0x00000000d6988340) thrown at [C:\re\workspace\8-2-build-windows-amd64-cygwin\jdk8u181\11358\hotspot\src\share\vm\prims\jvm.cpp, line 1435]
Event: 0.681 Thread 0x0000000003029800 Exception <a 'java/security/PrivilegedActionException'> (0x00000000d6988550) thrown at [C:\re\workspace\8-2-build-windows-amd64-cygwin\jdk8u181\11358\hotspot\src\share\vm\prims\jvm.cpp, line 1435]
Event: 0.682 Thread 0x0000000003029800 Exception <a 'java/security/PrivilegedActionException'> (0x00000000d698c460) thrown at [C:\re\workspace\8-2-build-windows-amd64-cygwin\jdk8u181\11358\hotspot\src\share\vm\prims\jvm.cpp, line 1435]
Event: 0.682 Thread 0x0000000003029800 Exception <a 'java/security/PrivilegedActionException'> (0x00000000d698c670) thrown at [C:\re\workspace\8-2-build-windows-amd64-cygwin\jdk8u181\11358\hotspot\src\share\vm\prims\jvm.cpp, line 1435]
Event: 2.776 Thread 0x0000000003029800 Exception <a 'java/lang/NoSuchFieldError': method resolution failed> (0x00000000d723c998) thrown at [C:\re\workspace\8-2-build-windows-amd64-cygwin\jdk8u181\11358\hotspot\src\share\vm\prims\methodHandles.cpp, line 1167]
Event: 2.777 Thread 0x0000000003029800 Exception <a 'java/lang/NoSuchFieldError': method resolution failed> (0x00000000d724a558) thrown at [C:\re\workspace\8-2-build-windows-amd64-cygwin\jdk8u181\11358\hotspot\src\share\vm\prims\methodHandles.cpp, line 1167]
Event: 2.809 Thread 0x0000000003029800 Exception <a 'java/io/FileNotFoundException'> (0x00000000d7422b70) thrown at [C:\re\workspace\8-2-build-windows-amd64-cygwin\jdk8u181\11358\hotspot\src\share\vm\prims\jni.cpp, line 709]
Event: 2.832 Thread 0x0000000003029800 Exception <a 'java/io/FileNotFoundException'> (0x00000000d74be160) thrown at [C:\re\workspace\8-2-build-windows-amd64-cygwin\jdk8u181\11358\hotspot\src\share\vm\prims\jni.cpp, line 709]

Events (10 events):
Event: 5.597 Executing VM operation: ParallelGCFailedAllocation
Event: 5.598 Executing VM operation: ParallelGCFailedAllocation done
Event: 5.841 Executing VM operation: ParallelGCFailedAllocation
Event: 5.842 Executing VM operation: ParallelGCFailedAllocation done
Event: 6.096 Executing VM operation: ParallelGCFailedAllocation
Event: 6.096 Executing VM operation: ParallelGCFailedAllocation done
Event: 6.352 Executing VM operation: ParallelGCFailedAllocation
Event: 6.353 Executing VM operation: ParallelGCFailedAllocation done
Event: 6.572 Executing VM operation: ParallelGCFailedAllocation
Event: 6.572 Executing VM operation: ParallelGCFailedAllocation done


Dynamic libraries:
0x00007ff7658b0000 - 0x00007ff7658e7000 	C:\Program Files\Java\jdk1.8.0_181\bin\java.exe
0x00007ff85a250000 - 0x00007ff85a431000 	C:\WINDOWS\SYSTEM32\ntdll.dll
0x00007ff85a0d0000 - 0x00007ff85a182000 	C:\WINDOWS\System32\KERNEL32.DLL
0x00007ff857220000 - 0x00007ff857493000 	C:\WINDOWS\System32\KERNELBASE.dll
0x00007ff8586b0000 - 0x00007ff858751000 	C:\WINDOWS\System32\ADVAPI32.dll
0x00007ff8583b0000 - 0x00007ff85844e000 	C:\WINDOWS\System32\msvcrt.dll
0x00007ff858350000 - 0x00007ff8583ab000 	C:\WINDOWS\System32\sechost.dll
0x00007ff858b60000 - 0x00007ff858c84000 	C:\WINDOWS\System32\RPCRT4.dll
0x00007ff858450000 - 0x00007ff8585e0000 	C:\WINDOWS\System32\USER32.dll
0x00007ff856970000 - 0x00007ff856990000 	C:\WINDOWS\System32\win32u.dll
0x00007ff858a40000 - 0x00007ff858a68000 	C:\WINDOWS\System32\GDI32.dll
0x00007ff8567d0000 - 0x00007ff856962000 	C:\WINDOWS\System32\gdi32full.dll
0x00007ff856730000 - 0x00007ff8567cf000 	C:\WINDOWS\System32\msvcp_win.dll
0x00007ff857120000 - 0x00007ff85721a000 	C:\WINDOWS\System32\ucrtbase.dll
0x00007ff83e5b0000 - 0x00007ff83e819000 	C:\WINDOWS\WinSxS\amd64_microsoft.windows.common-controls_6595b64144ccf1df_6.0.17134.407_none_fb449d63306391e9\COMCTL32.dll
0x00007ff8579b0000 - 0x00007ff857cd2000 	C:\WINDOWS\System32\combase.dll
0x00007ff856990000 - 0x00007ff856a0a000 	C:\WINDOWS\System32\bcryptPrimitives.dll
0x00007ff858320000 - 0x00007ff85834d000 	C:\WINDOWS\System32\IMM32.DLL
0x0000000064c00000 - 0x0000000064cd2000 	C:\Program Files\Java\jdk1.8.0_181\jre\bin\msvcr100.dll
0x0000000064350000 - 0x0000000064bf2000 	C:\Program Files\Java\jdk1.8.0_181\jre\bin\server\jvm.dll
0x00007ff8586a0000 - 0x00007ff8586a8000 	C:\WINDOWS\System32\PSAPI.DLL
0x00007ff853ca0000 - 0x00007ff853ca9000 	C:\WINDOWS\SYSTEM32\WSOCK32.dll
0x00007ff850f40000 - 0x00007ff850f4a000 	C:\WINDOWS\SYSTEM32\VERSION.dll
0x00007ff8534a0000 - 0x00007ff8534c3000 	C:\WINDOWS\SYSTEM32\WINMM.dll
0x00007ff85a190000 - 0x00007ff85a1fc000 	C:\WINDOWS\System32\WS2_32.dll
0x00007ff853470000 - 0x00007ff85349a000 	C:\WINDOWS\SYSTEM32\winmmbase.dll
0x00007ff8574a0000 - 0x00007ff8574e9000 	C:\WINDOWS\System32\cfgmgr32.dll
0x0000000066be0000 - 0x0000000066bef000 	C:\Program Files\Java\jdk1.8.0_181\jre\bin\verify.dll
0x00000000659f0000 - 0x0000000065a19000 	C:\Program Files\Java\jdk1.8.0_181\jre\bin\java.dll
0x0000000065cc0000 - 0x0000000065ce3000 	C:\Program Files\Java\jdk1.8.0_181\jre\bin\instrument.dll
0x0000000064330000 - 0x0000000064346000 	C:\Program Files\Java\jdk1.8.0_181\jre\bin\zip.dll
0x00007ff858c90000 - 0x00007ff85a0cf000 	C:\WINDOWS\System32\SHELL32.dll
0x00007ff858760000 - 0x00007ff858809000 	C:\WINDOWS\System32\shcore.dll
0x00007ff856a10000 - 0x00007ff85711d000 	C:\WINDOWS\System32\windows.storage.dll
0x00007ff8582b0000 - 0x00007ff858301000 	C:\WINDOWS\System32\shlwapi.dll
0x00007ff856600000 - 0x00007ff856611000 	C:\WINDOWS\System32\kernel.appcore.dll
0x00007ff8565d0000 - 0x00007ff8565ef000 	C:\WINDOWS\System32\profapi.dll
0x00007ff856560000 - 0x00007ff8565ac000 	C:\WINDOWS\System32\powrprof.dll
0x00007ff8565f0000 - 0x00007ff8565fa000 	C:\WINDOWS\System32\FLTLIB.DLL
0x00007ff83b960000 - 0x00007ff83b97a000 	D:\Program Files\JetBrains\IntelliJ IDEA 2018.2.5\bin\breakgen64.dll
0x0000000064310000 - 0x000000006432a000 	C:\Program Files\Java\jdk1.8.0_181\jre\bin\net.dll
0x00007ff855de0000 - 0x00007ff855e46000 	C:\WINDOWS\system32\mswsock.dll
0x0000000002a80000 - 0x0000000002a83000 	C:\Users\leveretconey\.javacpp\cache\opencv-3.4.3-1.4.3-windows-x86_64.jar\org\bytedeco\javacpp\windows-x86_64\api-ms-win-crt-locale-l1-1-0.dll
0x00000000642f0000 - 0x0000000064301000 	C:\Program Files\Java\jdk1.8.0_181\jre\bin\nio.dll
0x0000000002aa0000 - 0x0000000002aa4000 	C:\Users\leveretconey\.javacpp\cache\opencv-3.4.3-1.4.3-windows-x86_64.jar\org\bytedeco\javacpp\windows-x86_64\api-ms-win-crt-string-l1-1-0.dll
0x0000000002ab0000 - 0x0000000002ab4000 	C:\Users\leveretconey\.javacpp\cache\opencv-3.4.3-1.4.3-windows-x86_64.jar\org\bytedeco\javacpp\windows-x86_64\api-ms-win-crt-stdio-l1-1-0.dll
0x000000001c630000 - 0x000000001c635000 	C:\Users\leveretconey\.javacpp\cache\opencv-3.4.3-1.4.3-windows-x86_64.jar\org\bytedeco\javacpp\windows-x86_64\api-ms-win-crt-math-l1-1-0.dll
0x000000001c640000 - 0x000000001c643000 	C:\Users\leveretconey\.javacpp\cache\opencv-3.4.3-1.4.3-windows-x86_64.jar\org\bytedeco\javacpp\windows-x86_64\api-ms-win-crt-heap-l1-1-0.dll
0x000000001c650000 - 0x000000001c654000 	C:\Users\leveretconey\.javacpp\cache\opencv-3.4.3-1.4.3-windows-x86_64.jar\org\bytedeco\javacpp\windows-x86_64\api-ms-win-crt-runtime-l1-1-0.dll
0x000000001c660000 - 0x000000001c664000 	C:\Users\leveretconey\.javacpp\cache\opencv-3.4.3-1.4.3-windows-x86_64.jar\org\bytedeco\javacpp\windows-x86_64\api-ms-win-crt-convert-l1-1-0.dll
0x000000001c670000 - 0x000000001c673000 	C:\Users\leveretconey\.javacpp\cache\opencv-3.4.3-1.4.3-windows-x86_64.jar\org\bytedeco\javacpp\windows-x86_64\api-ms-win-crt-environment-l1-1-0.dll
0x000000001c680000 - 0x000000001c683000 	C:\Users\leveretconey\.javacpp\cache\opencv-3.4.3-1.4.3-windows-x86_64.jar\org\bytedeco\javacpp\windows-x86_64\api-ms-win-crt-time-l1-1-0.dll
0x000000001c690000 - 0x000000001c693000 	C:\Users\leveretconey\.javacpp\cache\opencv-3.4.3-1.4.3-windows-x86_64.jar\org\bytedeco\javacpp\windows-x86_64\api-ms-win-crt-filesystem-l1-1-0.dll
0x000000001c6a0000 - 0x000000001c6a3000 	C:\Users\leveretconey\.javacpp\cache\opencv-3.4.3-1.4.3-windows-x86_64.jar\org\bytedeco\javacpp\windows-x86_64\api-ms-win-crt-utility-l1-1-0.dll
0x000000001c6b0000 - 0x000000001c6b5000 	C:\Users\leveretconey\.javacpp\cache\opencv-3.4.3-1.4.3-windows-x86_64.jar\org\bytedeco\javacpp\windows-x86_64\api-ms-win-crt-multibyte-l1-1-0.dll
0x00007ff83b890000 - 0x00007ff83b8a7000 	C:\Users\leveretconey\.javacpp\cache\opencv-3.4.3-1.4.3-windows-x86_64.jar\org\bytedeco\javacpp\windows-x86_64\vcruntime140.dll
0x00007ff82f450000 - 0x00007ff82f4ed000 	C:\Users\leveretconey\.javacpp\cache\opencv-3.4.3-1.4.3-windows-x86_64.jar\org\bytedeco\javacpp\windows-x86_64\msvcp140.dll
0x00007ff83b830000 - 0x00007ff83b881000 	C:\Users\leveretconey\.javacpp\cache\opencv-3.4.3-1.4.3-windows-x86_64.jar\org\bytedeco\javacpp\windows-x86_64\concrt140.dll
0x00007ff832420000 - 0x00007ff83244e000 	C:\Users\leveretconey\.javacpp\cache\opencv-3.4.3-1.4.3-windows-x86_64.jar\org\bytedeco\javacpp\windows-x86_64\vcomp140.dll
0x00007ff819e40000 - 0x00007ff81a147000 	C:\Users\leveretconey\.javacpp\cache\opencv-3.4.3-1.4.3-windows-x86_64.jar\org\bytedeco\javacpp\windows-x86_64\opencv_core343.dll
0x00007ff819a20000 - 0x00007ff819e3c000 	C:\Users\leveretconey\.javacpp\cache\opencv-3.4.3-1.4.3-windows-x86_64.jar\org\bytedeco\javacpp\windows-x86_64\opencv_imgproc343.dll
0x00007ff819670000 - 0x00007ff819a1a000 	C:\Users\leveretconey\.javacpp\cache\opencv-3.4.3-1.4.3-windows-x86_64.jar\org\bytedeco\javacpp\windows-x86_64\jniopencv_core.dll
0x00007ff828740000 - 0x00007ff828898000 	C:\Users\leveretconey\.javacpp\cache\opencv-3.4.3-1.4.3-windows-x86_64.jar\org\bytedeco\javacpp\windows-x86_64\jniopencv_imgproc.dll
0x00007ff82c060000 - 0x00007ff82c0fd000 	C:\Users\leveretconey\.javacpp\cache\opencv-3.4.3-1.4.3-windows-x86_64.jar\org\bytedeco\javacpp\windows-x86_64\opencv_objdetect343.dll
0x00007ff831360000 - 0x00007ff8313dc000 	C:\Users\leveretconey\.javacpp\cache\opencv-3.4.3-1.4.3-windows-x86_64.jar\org\bytedeco\javacpp\windows-x86_64\jniopencv_objdetect.dll
0x0000000065ae0000 - 0x0000000065c79000 	C:\Program Files\Java\jdk1.8.0_181\jre\bin\awt.dll
0x00007ff858810000 - 0x00007ff8588d2000 	C:\WINDOWS\System32\OLEAUT32.dll
0x00007ff853fd0000 - 0x00007ff85405b000 	C:\WINDOWS\SYSTEM32\apphelp.dll
0x00007ff826a70000 - 0x00007ff826b2b000 	C:\Users\leveretconey\.javacpp\cache\ffmpeg-4.0.2-1.4.3-windows-x86_64.jar\org\bytedeco\javacpp\windows-x86_64\avutil-56.dll
0x00007ff8560c0000 - 0x00007ff8560e5000 	C:\WINDOWS\SYSTEM32\bcrypt.dll
0x00007ff8546e0000 - 0x00007ff854709000 	C:\WINDOWS\system32\DWMAPI.DLL
0x00007ff854100000 - 0x00007ff854198000 	C:\WINDOWS\system32\uxtheme.dll
0x00007ff839250000 - 0x00007ff839370000 	C:\WINDOWS\system32\opengl32.dll
0x00007ff83f370000 - 0x00007ff83f39c000 	C:\WINDOWS\SYSTEM32\GLU32.dll
0x00007ff857ce0000 - 0x00007ff857e53000 	C:\WINDOWS\System32\MSCTF.dll
0x00007ff8588e0000 - 0x00007ff858a31000 	C:\WINDOWS\System32\ole32.dll
0x000000006fe00000 - 0x000000006fee7000 	C:\Users\leveretconey\.javacpp\cache\ffmpeg-4.0.2-1.4.3-windows-x86_64.jar\org\bytedeco\javacpp\windows-x86_64\jniavutil.dll
0x00007ff831510000 - 0x00007ff831537000 	C:\Users\leveretconey\.javacpp\cache\ffmpeg-4.0.2-1.4.3-windows-x86_64.jar\org\bytedeco\javacpp\windows-x86_64\swresample-3.dll
0x0000000070080000 - 0x00000000700ae000 	C:\Users\leveretconey\.javacpp\cache\ffmpeg-4.0.2-1.4.3-windows-x86_64.jar\org\bytedeco\javacpp\windows-x86_64\jniswresample.dll
0x00007ff80f300000 - 0x00007ff811581000 	C:\Users\leveretconey\.javacpp\cache\ffmpeg-4.0.2-1.4.3-windows-x86_64.jar\org\bytedeco\javacpp\windows-x86_64\avcodec-58.dll
0x000000006a1c0000 - 0x000000006a424000 	C:\Users\leveretconey\.javacpp\cache\ffmpeg-4.0.2-1.4.3-windows-x86_64.jar\org\bytedeco\javacpp\windows-x86_64\jniavcodec.dll
0x00007ff818b20000 - 0x00007ff818fe1000 	C:\Users\leveretconey\.javacpp\cache\ffmpeg-4.0.2-1.4.3-windows-x86_64.jar\org\bytedeco\javacpp\windows-x86_64\avformat-58.dll
0x00007ff8574f0000 - 0x00007ff8576d2000 	C:\WINDOWS\System32\CRYPT32.dll
0x00007ff8565b0000 - 0x00007ff8565c2000 	C:\WINDOWS\System32\MSASN1.dll
0x000000006abc0000 - 0x000000006ad0a000 	C:\Users\leveretconey\.javacpp\cache\ffmpeg-4.0.2-1.4.3-windows-x86_64.jar\org\bytedeco\javacpp\windows-x86_64\jniavformat.dll
0x00007ff8269d0000 - 0x00007ff826a65000 	C:\Users\leveretconey\.javacpp\cache\ffmpeg-4.0.2-1.4.3-windows-x86_64.jar\org\bytedeco\javacpp\windows-x86_64\swscale-5.dll
0x0000000067cc0000 - 0x0000000067cf6000 	C:\Users\leveretconey\.javacpp\cache\ffmpeg-4.0.2-1.4.3-windows-x86_64.jar\org\bytedeco\javacpp\windows-x86_64\jniswscale.dll
0x00007ff830140000 - 0x00007ff83016a000 	C:\Users\leveretconey\.javacpp\cache\ffmpeg-4.0.2-1.4.3-windows-x86_64.jar\org\bytedeco\javacpp\windows-x86_64\postproc-55.dll
0x000000006a0c0000 - 0x000000006a0ed000 	C:\Users\leveretconey\.javacpp\cache\ffmpeg-4.0.2-1.4.3-windows-x86_64.jar\org\bytedeco\javacpp\windows-x86_64\jnipostproc.dll
0x00007ff818790000 - 0x00007ff818b11000 	C:\Users\leveretconey\.javacpp\cache\ffmpeg-4.0.2-1.4.3-windows-x86_64.jar\org\bytedeco\javacpp\windows-x86_64\avfilter-7.dll
0x000000001dec0000 - 0x000000001df37000 	C:\Users\leveretconey\.javacpp\cache\ffmpeg-4.0.2-1.4.3-windows-x86_64.jar\org\bytedeco\javacpp\windows-x86_64\jniavfilter.dll
0x00007ff82f420000 - 0x00007ff82f44c000 	C:\Users\leveretconey\.javacpp\cache\ffmpeg-4.0.2-1.4.3-windows-x86_64.jar\org\bytedeco\javacpp\windows-x86_64\avdevice-58.dll
0x00007ff837960000 - 0x00007ff837978000 	C:\WINDOWS\SYSTEM32\AVICAP32.dll
0x00007ff83b7d0000 - 0x00007ff83b7f9000 	C:\WINDOWS\SYSTEM32\MSVFW32.dll
0x000000001df40000 - 0x000000001df79000 	C:\Users\leveretconey\.javacpp\cache\ffmpeg-4.0.2-1.4.3-windows-x86_64.jar\org\bytedeco\javacpp\windows-x86_64\jniavdevice.dll
0x00007ff855ba0000 - 0x00007ff855c5e000 	C:\WINDOWS\SYSTEM32\DNSAPI.dll
0x00007ff857880000 - 0x00007ff857888000 	C:\WINDOWS\System32\NSI.dll
0x00007ff855b60000 - 0x00007ff855b98000 	C:\WINDOWS\SYSTEM32\IPHLPAPI.DLL
0x00007ff84ac40000 - 0x00007ff84ac4a000 	C:\Windows\System32\rasadhlp.dll
0x00007ff84ac80000 - 0x00007ff84acf2000 	C:\WINDOWS\System32\fwpuclnt.dll
0x00007ff854320000 - 0x00007ff8544e9000 	C:\WINDOWS\SYSTEM32\dbghelp.dll

VM Arguments:
jvm_args: -javaagent:D:\Program Files\JetBrains\IntelliJ IDEA 2018.2.5\lib\idea_rt.jar=1954:D:\Program Files\JetBrains\IntelliJ IDEA 2018.2.5\bin -Dfile.encoding=UTF-8 
java_command: test.Test
java_class_path (initial): C:\Program Files\Java\jdk1.8.0_181\jre\lib\charsets.jar;C:\Program Files\Java\jdk1.8.0_181\jre\lib\deploy.jar;C:\Program Files\Java\jdk1.8.0_181\jre\lib\ext\access-bridge-64.jar;C:\Program Files\Java\jdk1.8.0_181\jre\lib\ext\cldrdata.jar;C:\Program Files\Java\jdk1.8.0_181\jre\lib\ext\dnsns.jar;C:\Program Files\Java\jdk1.8.0_181\jre\lib\ext\jaccess.jar;C:\Program Files\Java\jdk1.8.0_181\jre\lib\ext\jfxrt.jar;C:\Program Files\Java\jdk1.8.0_181\jre\lib\ext\localedata.jar;C:\Program Files\Java\jdk1.8.0_181\jre\lib\ext\nashorn.jar;C:\Program Files\Java\jdk1.8.0_181\jre\lib\ext\sunec.jar;C:\Program Files\Java\jdk1.8.0_181\jre\lib\ext\sunjce_provider.jar;C:\Program Files\Java\jdk1.8.0_181\jre\lib\ext\sunmscapi.jar;C:\Program Files\Java\jdk1.8.0_181\jre\lib\ext\sunpkcs11.jar;C:\Program Files\Java\jdk1.8.0_181\jre\lib\ext\zipfs.jar;C:\Program Files\Java\jdk1.8.0_181\jre\lib\javaws.jar;C:\Program Files\Java\jdk1.8.0_181\jre\lib\jce.jar;C:\Program Files\Java\jdk1.8.0_181\jre\lib\jfr.jar;C:\Program Files\Java\jdk1.8.0_181\jre\lib\jfxswt.jar;C:\Program Files\Java\jdk1.8.0_181\jre\lib\jsse.jar;C:\Program Files\Java\jdk1.8.0_181\jre\lib\management-agent.jar;C:\Program Files\Java\jdk1.8.0_181\jre\lib\plugin.jar;C:\Program Files\Java\jdk1.8.0_181\jre\lib\resources.jar;C:\Program Files\Java\jdk1.8.0_181\jre\lib\rt.jar;D:\MyProjects\java\webClient\out\production\classes;C:\Users\leveretconey\.gradle\caches\modules-2\files-2.1\org.bytedeco\javacv-platform\1.4.3\de956c28876a593d03675e0590d46f05313697bd\javacv-platform-1.4.3.jar;C:\Users\leveretconey\.gradle\caches\modules-2\files-2.1\org.bytedeco\javacv\1.4.3\91cca77b87cf9811a096601fd82811bcd105ef34\javacv-1.4.3.jar;C:\Users\leveretconey\.gradle\caches\modules-2\files-2.1\org.bytedeco.javacpp-presets\flandmark-platform\1.07-1.4.3\b9b5863c6c81d9e12db944eb9191e043f96fc3d2\flandmark-platform-1.07-1.4.3.jar;C:\Users\leveretconey\.gradle\caches\modules-2\files-2.1\org.bytedeco.javacpp-presets\opencv-platform\3.4.
Launcher Type: SUN_STANDARD

Environment Variables:
JAVA_HOME=C:\Program Files\Java\jdk1.8.0_181
CLASSPATH=.;C:\Program Files\Java\jdk1.8.0_181\lib;C:\Program Files\Java\jdk1.8.0_181\lib\tools.jar?
PATH=C:\Program Files (x86)\Common Files\Oracle\Java\javapath;C:\Program Files (x86)\Intel\iCLS Client\;C:\Program Files\Intel\iCLS Client\;C:\WINDOWS\system32;C:\WINDOWS;C:\WINDOWS\System32\Wbem;C:\WINDOWS\System32\WindowsPowerShell\v1.0\;C:\Program Files (x86)\Intel\Intel(R) Management Engine Components\DAL;C:\Program Files\Intel\Intel(R) Management Engine Components\DAL;C:\Program Files (x86)\Intel\Intel(R) Management Engine Components\IPT;C:\Program Files\Intel\Intel(R) Management Engine Components\IPT;d:\Program Files\Git\cmd;C:\WINDOWS\System32\OpenSSH\;D:\Program Files\CTEX\UserData\miktex\bin;D:\Program Files\CTEX\MiKTeX\miktex\bin;D:\Program Files\CTEX\CTeX;D:\Program Files\CTEX\CTeX\Packages\ctex\bin;D:\Program Files\CTEX\CTeX;D:\Program Files\CTEX\CTeX\Packages\cct\bin;D:\Program Files\CTEX\CTeX;D:\Program Files\CTEX\CTeX\Packages\ty\bin;D:\Program Files\CTEX\Ghostscript\gs9.18\bin;D:\Program Files\CTEX\GSview\gsview;D:\Program Files\CTEX\WinEdt;C:\Users\leveretconey\AppData\Local\Microsoft\WindowsApps;C:\Users\leveretconey\AppData\Local\Continuum\anaconda3\Scripts;C:\Users\leveretconey\AppData\Local\Continuum\anaconda3\pkgs\python-3.6.6-hea74fb7_0;"C:\Program Files\Java\jdk1.8.0_181\bin;C:\Program Files\Java\jdk1.8.0_181\jre\bin;?";D:\Android\android-sdk\platform-tools;C:\Program Files\MySQL\MySQL Server 8.0\bin;C:\Program Files (x86)\Microsoft Visual Studio\2017\Community\VC\Tools\MSVC\14.15.26726\bin\Hostx64\x64;;d:\Program Files\Docker Toolbox
USERNAME=leveretconey
OS=Windows_NT
PROCESSOR_IDENTIFIER=Intel64 Family 6 Model 142 Stepping 10, GenuineIntel



---------------  S Y S T E M  ---------------

OS: Windows 10.0 , 64 bit Build 17134 (10.0.17134.1)

CPU:total 8 (initial active 8) (4 cores per cpu, 2 threads per core) family 6 model 142 stepping 10, cmov, cx8, fxsr, mmx, sse, sse2, sse3, ssse3, sse4.1, sse4.2, popcnt, avx, avx2, aes, clmul, erms, 3dnowpref, lzcnt, ht, tsc, tscinvbit, bmi1, bmi2, adx

Memory: 4k page, physical 8239204k(2190164k free), swap 12313448k(2015528k free)

vm_info: Java HotSpot(TM) 64-Bit Server VM (25.181-b13) for windows-amd64 JRE (1.8.0_181-b13), built on Jul  7 2018 04:01:33 by "java_re" with MS VC++ 10.0 (VS2010)

time: Mon Dec 10 20:57:50 2018
elapsed time: 6 seconds (0d 0h 0m 6s)

